+++ skimming /dataf/mewu/LooseSkim_v2/DYJetsToLL_M50_BIG.root +++
-- Input file: /dataf/mewu/LooseSkim_v2/DYJetsToLL_M50_BIG.root
-- Output file: /dataf/mewu/nonResSkim_v1/DYJetsToLL_M50_BIG.root
-- Selection: (1)
[Info] : a PLAIN shape correction weight (1.0) added to el-mu pair event 
Error in <TTree::SetBranchStatus>: unknown branch -> dPhi_jetMet*
Error in <TTree::SetBranchStatus>: unknown branch -> metNoJet*
Error in <TTree::SetBranchStatus>: unknown branch -> sumJetsInT1*
Error in <TTree::SetBranchStatus>: unknown branch -> elmu_*
6595351 events to process.
Event 0
Event 2000
Event 4000
Event 6000
Event 8000
Event 10000
Event 12000
Event 14000
Event 16000
Event 18000
Event 20000
Event 22000
Event 24000
Event 26000
Event 28000
Event 30000
Event 32000
Event 34000
Event 36000
Event 38000
Event 40000
Event 42000
Event 44000
Event 46000
Event 48000
Event 50000
Event 52000
Event 54000
Event 56000
Event 58000
Event 60000
Event 62000
Event 64000
Event 66000
Event 68000
Event 70000
Event 72000
Event 74000
Event 76000
Event 78000
Event 80000
Event 82000
Event 84000
Event 86000
Event 88000
Event 90000
Event 92000
Event 94000
Event 96000
Event 98000
Event 100000
Event 102000
Event 104000
Event 106000
Event 108000
Event 110000
Event 112000
Event 114000
Event 116000
Event 118000
Event 120000
Event 122000
Event 124000
Event 126000
Event 128000
Event 130000
Event 132000
Event 134000
Event 136000
Event 138000
Event 140000
Event 142000
Event 144000
Event 146000
Event 148000
Event 150000
Event 152000
Event 154000
Event 156000
Event 158000
Event 160000
Event 162000
Event 164000
Event 166000
Event 168000
Event 170000
Event 172000
Event 174000
Event 176000
Event 178000
Event 180000
Event 182000
Event 184000
Event 186000
Event 188000
Event 190000
Event 192000
Event 194000
Event 196000
Event 198000
Event 200000
Event 202000
Event 204000
Event 206000
Event 208000
Event 210000
Event 212000
Event 214000
Event 216000
Event 218000
Event 220000
Event 222000
Event 224000
Event 226000
Event 228000
Event 230000
Event 232000
Event 234000
Event 236000
Event 238000
Event 240000
Event 242000
Event 244000
Event 246000
Event 248000
Event 250000
Event 252000
Event 254000
Event 256000
Event 258000
Event 260000
Event 262000
Event 264000
Event 266000
Event 268000
Event 270000
Event 272000
Event 274000
Event 276000
Event 278000
Event 280000
Event 282000
Event 284000
Event 286000
Event 288000
Event 290000
Event 292000
Event 294000
Event 296000
Event 298000
Event 300000
Event 302000
Event 304000
Event 306000
Event 308000
Event 310000
Event 312000
Event 314000
Event 316000
Event 318000
Event 320000
Event 322000
Event 324000
Event 326000
Event 328000
Event 330000
Event 332000
Event 334000
Event 336000
Event 338000
Event 340000
Event 342000
Event 344000
Event 346000
Event 348000
Event 350000
Event 352000
Event 354000
Event 356000
Event 358000
Event 360000
Event 362000
Event 364000
Event 366000
Event 368000
Event 370000
Event 372000
Event 374000
Event 376000
Event 378000
Event 380000
Event 382000
Event 384000
Event 386000
Event 388000
Event 390000
Event 392000
Event 394000
Event 396000
Event 398000
Event 400000
Event 402000
Event 404000
Event 406000
Event 408000
Event 410000
Event 412000
Event 414000
Event 416000
Event 418000
Event 420000
Event 422000
Event 424000
Event 426000
Event 428000
Event 430000
Event 432000
Event 434000
Event 436000
Event 438000
Event 440000
Event 442000
Event 444000
Event 446000
Event 448000
Event 450000
Event 452000
Event 454000
Event 456000
Event 458000
Event 460000
Event 462000
Event 464000
Event 466000
Event 468000
Event 470000
Event 472000
Event 474000
Event 476000
Event 478000
Event 480000
Event 482000
Event 484000
Event 486000
Event 488000
Event 490000
Event 492000
Event 494000
Event 496000
Event 498000
Event 500000
Event 502000
Event 504000
Event 506000
Event 508000
Event 510000
Event 512000
Event 514000
Event 516000
Event 518000
Event 520000
Event 522000
Event 524000
Event 526000
Event 528000
Event 530000
Event 532000
Event 534000
Event 536000
Event 538000
Event 540000
Event 542000
Event 544000
Event 546000
Event 548000
Event 550000
Event 552000
Event 554000
Event 556000
Event 558000
Event 560000
Event 562000
Event 564000
Event 566000
Event 568000
Event 570000
Event 572000
Event 574000
Event 576000
Event 578000
Event 580000
Event 582000
Event 584000
Event 586000
Event 588000
Event 590000
Event 592000
Event 594000
Event 596000
Event 598000
Event 600000
Event 602000
Event 604000
Event 606000
Event 608000
Event 610000
Event 612000
Event 614000
Event 616000
Event 618000
Event 620000
Event 622000
Event 624000
Event 626000
Event 628000
Event 630000
Event 632000
Event 634000
Event 636000
Event 638000
Event 640000
Event 642000
Event 644000
Event 646000
Event 648000
Event 650000
Event 652000
Event 654000
Event 656000
Event 658000
Event 660000
Event 662000
Event 664000
Event 666000
Event 668000
Event 670000
Event 672000
Event 674000
Event 676000
Event 678000
Event 680000
Event 682000
Event 684000
Event 686000
Event 688000
Event 690000
Event 692000
Event 694000
Event 696000
Event 698000
Event 700000
Event 702000
Event 704000
Event 706000
Event 708000
Event 710000
Event 712000
Event 714000
Event 716000
Event 718000
Event 720000
Event 722000
Event 724000
Event 726000
Event 728000
Event 730000
Event 732000
Event 734000
Event 736000
Event 738000
Event 740000
Event 742000
Event 744000
Event 746000
Event 748000
Event 750000
Event 752000
Event 754000
Event 756000
Event 758000
Event 760000
Event 762000
Event 764000
Event 766000
Event 768000
Event 770000
Event 772000
Event 774000
Event 776000
Event 778000
Event 780000
Event 782000
Event 784000
Event 786000
Event 788000
Event 790000
Event 792000
Event 794000
Event 796000
Event 798000
Event 800000
Event 802000
Event 804000
Event 806000
Event 808000
Event 810000
Event 812000
Event 814000
Event 816000
Event 818000
Event 820000
Event 822000
Event 824000
Event 826000
Event 828000
Event 830000
Event 832000
Event 834000
Event 836000
Event 838000
Event 840000
Event 842000
Event 844000
Event 846000
Event 848000
Event 850000
Event 852000
Event 854000
Event 856000
Event 858000
[Warning] This event elmu_eff==1.0, please check: (A+B-A*B) = 100
Event 860000
Event 862000
Event 864000
Event 866000
Event 868000
Event 870000
Event 872000
Event 874000
Event 876000
Event 878000
Event 880000
Event 882000
Event 884000
Event 886000
Event 888000
Event 890000
Event 892000
Event 894000
Event 896000
Event 898000
Event 900000
Event 902000
Event 904000
Event 906000
Event 908000
Event 910000
Event 912000
Event 914000
Event 916000
Event 918000
Event 920000
Event 922000
Event 924000
Event 926000
Event 928000
Event 930000
Event 932000
Event 934000
Event 936000
Event 938000
Event 940000
Event 942000
Event 944000
Event 946000
Event 948000
Event 950000
Event 952000
Event 954000
Event 956000
Event 958000
Event 960000
Event 962000
Event 964000
Event 966000
Event 968000
Event 970000
Event 972000
Event 974000
Event 976000
Event 978000
Event 980000
Event 982000
Event 984000
Event 986000
Event 988000
Event 990000
Event 992000
Event 994000
Event 996000
Event 998000
Event 1000000
Event 1002000
Event 1004000
Event 1006000
Event 1008000
Event 1010000
Event 1012000
Event 1014000
Event 1016000
Event 1018000
Event 1020000
Event 1022000
Event 1024000
Event 1026000
Event 1028000
Event 1030000
Event 1032000
Event 1034000
Event 1036000
Event 1038000
Event 1040000
Event 1042000
Event 1044000
Event 1046000
Event 1048000
Event 1050000
Event 1052000
Event 1054000
Event 1056000
Event 1058000
Event 1060000
Event 1062000
Event 1064000
Event 1066000
Event 1068000
Event 1070000
Event 1072000
Event 1074000
Event 1076000
Event 1078000
Event 1080000
Event 1082000
Event 1084000
Event 1086000
Event 1088000
Event 1090000
Event 1092000
Event 1094000
Event 1096000
Event 1098000
Event 1100000
Event 1102000
Event 1104000
Event 1106000
Event 1108000
Event 1110000
Event 1112000
Event 1114000
Event 1116000
Event 1118000
Event 1120000
Event 1122000
Event 1124000
Event 1126000
Event 1128000
Event 1130000
Event 1132000
Event 1134000
Event 1136000
Event 1138000
Event 1140000
Event 1142000
Event 1144000
Event 1146000
Event 1148000
Event 1150000
Event 1152000
Event 1154000
Event 1156000
Event 1158000
Event 1160000
Event 1162000
Event 1164000
Event 1166000
Event 1168000
Event 1170000
Event 1172000
Event 1174000
Event 1176000
Event 1178000
Event 1180000
Event 1182000
Event 1184000
Event 1186000
Event 1188000
Event 1190000
Event 1192000
Event 1194000
Event 1196000
Event 1198000
Event 1200000
Event 1202000
Event 1204000
Event 1206000
Event 1208000
Event 1210000
Event 1212000
Event 1214000
Event 1216000
Event 1218000
Event 1220000
Event 1222000
Event 1224000
Event 1226000
Event 1228000
Event 1230000
Event 1232000
Event 1234000
Event 1236000
Event 1238000
Event 1240000
Event 1242000
Event 1244000
Event 1246000
Event 1248000
Event 1250000
Event 1252000
Event 1254000
Event 1256000
Event 1258000
Event 1260000
Event 1262000
Event 1264000
Event 1266000
Event 1268000
Event 1270000
Event 1272000
Event 1274000
Event 1276000
Event 1278000
Event 1280000
Event 1282000
Event 1284000
Event 1286000
Event 1288000
Event 1290000
Event 1292000
Event 1294000
Event 1296000
Event 1298000
Event 1300000
Event 1302000
Event 1304000
Event 1306000
Event 1308000
Event 1310000
Event 1312000
Event 1314000
Event 1316000
Event 1318000
Event 1320000
Event 1322000
Event 1324000
Event 1326000
Event 1328000
Event 1330000
Event 1332000
Event 1334000
Event 1336000
Event 1338000
Event 1340000
Event 1342000
Event 1344000
Event 1346000
Event 1348000
Event 1350000
Event 1352000
Event 1354000
Event 1356000
Event 1358000
Event 1360000
Event 1362000
Event 1364000
Event 1366000
Event 1368000
Event 1370000
Event 1372000
Event 1374000
Event 1376000
Event 1378000
Event 1380000
Event 1382000
Event 1384000
Event 1386000
Event 1388000
Event 1390000
Event 1392000
Event 1394000
Event 1396000
Event 1398000
Event 1400000
Event 1402000
Event 1404000
Event 1406000
Event 1408000
Event 1410000
Event 1412000
Event 1414000
Event 1416000
Event 1418000
Event 1420000
Event 1422000
Event 1424000
Event 1426000
Event 1428000
Event 1430000
Event 1432000
Event 1434000
Event 1436000
Event 1438000
Event 1440000
Event 1442000
Event 1444000
Event 1446000
Event 1448000
Event 1450000
Event 1452000
Event 1454000
Event 1456000
Event 1458000
Event 1460000
Event 1462000
Event 1464000
Event 1466000
Event 1468000
Event 1470000
Event 1472000
Event 1474000
Event 1476000
Event 1478000
Event 1480000
Event 1482000
Event 1484000
Event 1486000
Event 1488000
Event 1490000
Event 1492000
Event 1494000
Event 1496000
Event 1498000
Event 1500000
Event 1502000
Event 1504000
Event 1506000
Event 1508000
Event 1510000
Event 1512000
Event 1514000
Event 1516000
Event 1518000
Event 1520000
Event 1522000
Event 1524000
Event 1526000
Event 1528000
Event 1530000
Event 1532000
Event 1534000
Event 1536000
Event 1538000
Event 1540000
Event 1542000
Event 1544000
Event 1546000
Event 1548000
Event 1550000
Event 1552000
Event 1554000
Event 1556000
Event 1558000
Event 1560000
Event 1562000
Event 1564000
Event 1566000
Event 1568000
Event 1570000
Event 1572000
Event 1574000
Event 1576000
Event 1578000
Event 1580000
Event 1582000
Event 1584000
Event 1586000
Event 1588000
Event 1590000
Event 1592000
Event 1594000
Event 1596000
Event 1598000
Event 1600000
Event 1602000
Event 1604000
Event 1606000
Event 1608000
Event 1610000
Event 1612000
Event 1614000
Event 1616000
Event 1618000
Event 1620000
Event 1622000
Event 1624000
Event 1626000
Event 1628000
Event 1630000
Event 1632000
Event 1634000
Event 1636000
Event 1638000
Event 1640000
Event 1642000
Event 1644000
Event 1646000
Event 1648000
Event 1650000
Event 1652000
Event 1654000
Event 1656000
Event 1658000
Event 1660000
Event 1662000
Event 1664000
Event 1666000
Event 1668000
Event 1670000
Event 1672000
Event 1674000
Event 1676000
Event 1678000
Event 1680000
Event 1682000
Event 1684000
Event 1686000
Event 1688000
Event 1690000
Event 1692000
Event 1694000
Event 1696000
Event 1698000
Event 1700000
Event 1702000
Event 1704000
Event 1706000
Event 1708000
Event 1710000
Event 1712000
Event 1714000
Event 1716000
Event 1718000
Event 1720000
Event 1722000
Event 1724000
Event 1726000
Event 1728000
Event 1730000
Event 1732000
Event 1734000
Event 1736000
Event 1738000
Event 1740000
Event 1742000
Event 1744000
Event 1746000
Event 1748000
Event 1750000
Event 1752000
Event 1754000
Event 1756000
Event 1758000
Event 1760000
Event 1762000
Event 1764000
Event 1766000
Event 1768000
Event 1770000
Event 1772000
Event 1774000
Event 1776000
Event 1778000
Event 1780000
Event 1782000
Event 1784000
Event 1786000
Event 1788000
Event 1790000
Event 1792000
Event 1794000
Event 1796000
Event 1798000
Event 1800000
Event 1802000
Event 1804000
Event 1806000
Event 1808000
Event 1810000
Event 1812000
Event 1814000
Event 1816000
Event 1818000
Event 1820000
Event 1822000
Event 1824000
Event 1826000
Event 1828000
Event 1830000
Event 1832000
Event 1834000
Event 1836000
Event 1838000
Event 1840000
Event 1842000
Event 1844000
Event 1846000
Event 1848000
Event 1850000
Event 1852000
Event 1854000
Event 1856000
Event 1858000
Event 1860000
Event 1862000
Event 1864000
Event 1866000
Event 1868000
Event 1870000
Event 1872000
Event 1874000
Event 1876000
Event 1878000
Event 1880000
Event 1882000
Event 1884000
Event 1886000
Event 1888000
Event 1890000
Event 1892000
Event 1894000
Event 1896000
Event 1898000
Event 1900000
Event 1902000
Event 1904000
Event 1906000
Event 1908000
Event 1910000
Event 1912000
Event 1914000
Event 1916000
Event 1918000
Event 1920000
Event 1922000
Event 1924000
Event 1926000
Event 1928000
Event 1930000
Event 1932000
Event 1934000
Event 1936000
Event 1938000
Event 1940000
Event 1942000
Event 1944000
Event 1946000
Event 1948000
Event 1950000
Event 1952000
Event 1954000
Event 1956000
Event 1958000
Event 1960000
Event 1962000
Event 1964000
Event 1966000
Event 1968000
Event 1970000
Event 1972000
Event 1974000
Event 1976000
Event 1978000
Event 1980000
Event 1982000
Event 1984000
Event 1986000
Event 1988000
Event 1990000
Event 1992000
Event 1994000
Event 1996000
Event 1998000
Event 2000000
Event 2002000
Event 2004000
Event 2006000
Event 2008000
Event 2010000
Event 2012000
Event 2014000
Event 2016000
Event 2018000
Event 2020000
Event 2022000
Event 2024000
Event 2026000
Event 2028000
Event 2030000
Event 2032000
Event 2034000
Event 2036000
Event 2038000
Event 2040000
Event 2042000
Event 2044000
Event 2046000
Event 2048000
Event 2050000
Event 2052000
Event 2054000
Event 2056000
Event 2058000
Event 2060000
Event 2062000
Event 2064000
Event 2066000
Event 2068000
Event 2070000
Event 2072000
Event 2074000
Event 2076000
Event 2078000
Event 2080000
Event 2082000
Event 2084000
Event 2086000
Event 2088000
Event 2090000
Event 2092000
Event 2094000
Event 2096000
Event 2098000
Event 2100000
Event 2102000
Event 2104000
Event 2106000
Event 2108000
Event 2110000
Event 2112000
Event 2114000
Event 2116000
Event 2118000
Event 2120000
Event 2122000
Event 2124000
Event 2126000
Event 2128000
Event 2130000
Event 2132000
Event 2134000
Event 2136000
Event 2138000
Event 2140000
Event 2142000
Event 2144000
Event 2146000
Event 2148000
Event 2150000
Event 2152000
Event 2154000
Event 2156000
Event 2158000
Event 2160000
Event 2162000
Event 2164000
Event 2166000
Event 2168000
Event 2170000
Event 2172000
Event 2174000
Event 2176000
Event 2178000
Event 2180000
Event 2182000
Event 2184000
Event 2186000
Event 2188000
Event 2190000
Event 2192000
Event 2194000
Event 2196000
Event 2198000
Event 2200000
Event 2202000
Event 2204000
Event 2206000
Event 2208000
Event 2210000
Event 2212000
Event 2214000
Event 2216000
Event 2218000
Event 2220000
Event 2222000
Event 2224000
Event 2226000
Event 2228000
Event 2230000
Event 2232000
Event 2234000
Event 2236000
Event 2238000
Event 2240000
Event 2242000
Event 2244000
Event 2246000
Event 2248000
Event 2250000
Event 2252000
Event 2254000
Event 2256000
Event 2258000
Event 2260000
Event 2262000
Event 2264000
Event 2266000
Event 2268000
Event 2270000
Event 2272000
Event 2274000
Event 2276000
Event 2278000
Event 2280000
Event 2282000
Event 2284000
Event 2286000
Event 2288000
Event 2290000
Event 2292000
Event 2294000
Event 2296000
Event 2298000
Event 2300000
Event 2302000
Event 2304000
Event 2306000
Event 2308000
Event 2310000
Event 2312000
Event 2314000
Event 2316000
Event 2318000
Event 2320000
Event 2322000
Event 2324000
Event 2326000
Event 2328000
Event 2330000
Event 2332000
Event 2334000
Event 2336000
Event 2338000
Event 2340000
Event 2342000
Event 2344000
Event 2346000
Event 2348000
Event 2350000
Event 2352000
Event 2354000
Event 2356000
Event 2358000
Event 2360000
Event 2362000
Event 2364000
Event 2366000
Event 2368000
Event 2370000
Event 2372000
Event 2374000
Event 2376000
Event 2378000
Event 2380000
Event 2382000
Event 2384000
Event 2386000
Event 2388000
Event 2390000
Event 2392000
Event 2394000
Event 2396000
Event 2398000
Event 2400000
Event 2402000
Event 2404000
Event 2406000
Event 2408000
Event 2410000
Event 2412000
Event 2414000
Event 2416000
Event 2418000
Event 2420000
Event 2422000
Event 2424000
Event 2426000
Event 2428000
Event 2430000
Event 2432000
Event 2434000
Event 2436000
Event 2438000
Event 2440000
Event 2442000
Event 2444000
Event 2446000
Event 2448000
Event 2450000
Event 2452000
Event 2454000
Event 2456000
Event 2458000
Event 2460000
Event 2462000
Event 2464000
Event 2466000
Event 2468000
Event 2470000
Event 2472000
Event 2474000
Event 2476000
Event 2478000
Event 2480000
Event 2482000
Event 2484000
Event 2486000
Event 2488000
Event 2490000
Event 2492000
Event 2494000
Event 2496000
Event 2498000
Event 2500000
Event 2502000
Event 2504000
Event 2506000
Event 2508000
Event 2510000
Event 2512000
Event 2514000
Event 2516000
Event 2518000
Event 2520000
Event 2522000
Event 2524000
Event 2526000
Event 2528000
Event 2530000
Event 2532000
Event 2534000
Event 2536000
Event 2538000
Event 2540000
Event 2542000
Event 2544000
Event 2546000
Event 2548000
Event 2550000
Event 2552000
Event 2554000
Event 2556000
Event 2558000
Event 2560000
Event 2562000
Event 2564000
Event 2566000
Event 2568000
Event 2570000
Event 2572000
Event 2574000
Event 2576000
Event 2578000
Event 2580000
Event 2582000
Event 2584000
Event 2586000
Event 2588000
Event 2590000
Event 2592000
Event 2594000
Event 2596000
Event 2598000
Event 2600000
Event 2602000
Event 2604000
Event 2606000
Event 2608000
Event 2610000
Event 2612000
Event 2614000
Event 2616000
Event 2618000
Event 2620000
Event 2622000
Event 2624000
Event 2626000
Event 2628000
Event 2630000
Event 2632000
Event 2634000
Event 2636000
Event 2638000
Event 2640000
Event 2642000
Event 2644000
Event 2646000
Event 2648000
Event 2650000
Event 2652000
Event 2654000
Event 2656000
Event 2658000
Event 2660000
Event 2662000
Event 2664000
Event 2666000
Event 2668000
Event 2670000
Event 2672000
Event 2674000
Event 2676000
Event 2678000
Event 2680000
Event 2682000
Event 2684000
Event 2686000
Event 2688000
Event 2690000
Event 2692000
Event 2694000
Event 2696000
Event 2698000
Event 2700000
Event 2702000
Event 2704000
Event 2706000
Event 2708000
Event 2710000
Event 2712000
Event 2714000
Event 2716000
Event 2718000
Event 2720000
Event 2722000
Event 2724000
Event 2726000
Event 2728000
Event 2730000
Event 2732000
Event 2734000
Event 2736000
Event 2738000
Event 2740000
Event 2742000
Event 2744000
Event 2746000
Event 2748000
Event 2750000
Event 2752000
Event 2754000
Event 2756000
Event 2758000
Event 2760000
Event 2762000
Event 2764000
Event 2766000
Event 2768000
Event 2770000
Event 2772000
Event 2774000
Event 2776000
Event 2778000
Event 2780000
Event 2782000
Event 2784000
Event 2786000
Event 2788000
Event 2790000
Event 2792000
Event 2794000
Event 2796000
Event 2798000
Event 2800000
Event 2802000
Event 2804000
Event 2806000
Event 2808000
Event 2810000
Event 2812000
Event 2814000
Event 2816000
Event 2818000
Event 2820000
Event 2822000
Event 2824000
Event 2826000
Event 2828000
Event 2830000
Event 2832000
Event 2834000
Event 2836000
Event 2838000
Event 2840000
Event 2842000
Event 2844000
Event 2846000
Event 2848000
Event 2850000
Event 2852000
Event 2854000
Event 2856000
Event 2858000
Event 2860000
Event 2862000
Event 2864000
Event 2866000
Event 2868000
Event 2870000
Event 2872000
Event 2874000
Event 2876000
Event 2878000
Event 2880000
Event 2882000
Event 2884000
Event 2886000
Event 2888000
Event 2890000
Event 2892000
Event 2894000
Event 2896000
Event 2898000
Event 2900000
Event 2902000
Event 2904000
Event 2906000
Event 2908000
Event 2910000
Event 2912000
Event 2914000
Event 2916000
Event 2918000
Event 2920000
Event 2922000
Event 2924000
Event 2926000
Event 2928000
Event 2930000
Event 2932000
Event 2934000
Event 2936000
Event 2938000
Event 2940000
Event 2942000
Event 2944000
Event 2946000
Event 2948000
Event 2950000
Event 2952000
Event 2954000
Event 2956000
Event 2958000
Event 2960000
Event 2962000
Event 2964000
Event 2966000
Event 2968000
Event 2970000
Event 2972000
Event 2974000
Event 2976000
Event 2978000
Event 2980000
Event 2982000
Event 2984000
Event 2986000
Event 2988000
Event 2990000
Event 2992000
Event 2994000
Event 2996000
Event 2998000
Event 3000000
Event 3002000
Event 3004000
Event 3006000
Event 3008000
Event 3010000
Event 3012000
Event 3014000
Event 3016000
Event 3018000
Event 3020000
Event 3022000
Event 3024000
Event 3026000
Event 3028000
Event 3030000
Event 3032000
Event 3034000
Event 3036000
Event 3038000
Event 3040000
Event 3042000
Event 3044000
Event 3046000
Event 3048000
Event 3050000
Event 3052000
Event 3054000
Event 3056000
Event 3058000
Event 3060000
Event 3062000
Event 3064000
Event 3066000
Event 3068000
Event 3070000
Event 3072000
Event 3074000
Event 3076000
Event 3078000
Event 3080000
Event 3082000
Event 3084000
Event 3086000
Event 3088000
Event 3090000
Event 3092000
Event 3094000
Event 3096000
Event 3098000
Event 3100000
Event 3102000
Event 3104000
Event 3106000
Event 3108000
Event 3110000
Event 3112000
Event 3114000
Event 3116000
Event 3118000
Event 3120000
Event 3122000
Event 3124000
Event 3126000
Event 3128000
Event 3130000
Event 3132000
Event 3134000
Event 3136000
Event 3138000
Event 3140000
Event 3142000
Event 3144000
Event 3146000
Event 3148000
Event 3150000
Event 3152000
Event 3154000
Event 3156000
Event 3158000
Event 3160000
Event 3162000
Event 3164000
Event 3166000
Event 3168000
Event 3170000
Event 3172000
Event 3174000
Event 3176000
Event 3178000
Event 3180000
Event 3182000
Event 3184000
Event 3186000
Event 3188000
Event 3190000
Event 3192000
Event 3194000
Event 3196000
Event 3198000
Event 3200000
Event 3202000
Event 3204000
Event 3206000
Event 3208000
Event 3210000
Event 3212000
Event 3214000
Event 3216000
Event 3218000
Event 3220000
Event 3222000
Event 3224000
Event 3226000
Event 3228000
Event 3230000
Event 3232000
Event 3234000
Event 3236000
Event 3238000
Event 3240000
Event 3242000
Event 3244000
Event 3246000
Event 3248000
Event 3250000
Event 3252000
Event 3254000
Event 3256000
Event 3258000
Event 3260000
Event 3262000
Event 3264000
Event 3266000
Event 3268000
Event 3270000
Event 3272000
Event 3274000
Event 3276000
Event 3278000
Event 3280000
Event 3282000
Event 3284000
Event 3286000
Event 3288000
Event 3290000
Event 3292000
Event 3294000
Event 3296000
Event 3298000
Event 3300000
Event 3302000
Event 3304000
Event 3306000
Event 3308000
Event 3310000
Event 3312000
Event 3314000
Event 3316000
Event 3318000
Event 3320000
Event 3322000
Event 3324000
Event 3326000
Event 3328000
Event 3330000
Event 3332000
Event 3334000
Event 3336000
Event 3338000
Event 3340000
Event 3342000
Event 3344000
Event 3346000
Event 3348000
Event 3350000
Event 3352000
Event 3354000
Event 3356000
Event 3358000
Event 3360000
Event 3362000
Event 3364000
Event 3366000
Event 3368000
Event 3370000
Event 3372000
Event 3374000
Event 3376000
Event 3378000
Event 3380000
Event 3382000
Event 3384000
Event 3386000
Event 3388000
Event 3390000
Event 3392000
Event 3394000
Event 3396000
Event 3398000
Event 3400000
Event 3402000
Event 3404000
Event 3406000
Event 3408000
Event 3410000
Event 3412000
Event 3414000
Event 3416000
Event 3418000
Event 3420000
Event 3422000
Event 3424000
Event 3426000
Event 3428000
Event 3430000
Event 3432000
Event 3434000
Event 3436000
Event 3438000
Event 3440000
Event 3442000
Event 3444000
Event 3446000
Event 3448000
Event 3450000
Event 3452000
Event 3454000
Event 3456000
Event 3458000
Event 3460000
Event 3462000
Event 3464000
Event 3466000
Event 3468000
Event 3470000
Event 3472000
Event 3474000
Event 3476000
Event 3478000
Event 3480000
Event 3482000
Event 3484000
Event 3486000
Event 3488000
Event 3490000
Event 3492000
Event 3494000
Event 3496000
Event 3498000
Event 3500000
Event 3502000
Event 3504000
Event 3506000
Event 3508000
Event 3510000
Event 3512000
Event 3514000
Event 3516000
Event 3518000
Event 3520000
Event 3522000
Event 3524000
Event 3526000
Event 3528000
Event 3530000
Event 3532000
Event 3534000
Event 3536000
Event 3538000
Event 3540000
Event 3542000
Event 3544000
Event 3546000
Event 3548000
Event 3550000
Event 3552000
Event 3554000
Event 3556000
Event 3558000
Event 3560000
Event 3562000
Event 3564000
Event 3566000
Event 3568000
Event 3570000
Event 3572000
Event 3574000
Event 3576000
Event 3578000
Event 3580000
Event 3582000
Event 3584000
Event 3586000
Event 3588000
Event 3590000
Event 3592000
Event 3594000
Event 3596000
Event 3598000
Event 3600000
Event 3602000
Event 3604000
Event 3606000
Event 3608000
Event 3610000
Event 3612000
Event 3614000
Event 3616000
Event 3618000
Event 3620000
Event 3622000
Event 3624000
Event 3626000
Event 3628000
Event 3630000
Event 3632000
Event 3634000
Event 3636000
Event 3638000
Event 3640000
Event 3642000
Event 3644000
Event 3646000
Event 3648000
Event 3650000
Event 3652000
Event 3654000
Event 3656000
Event 3658000
Event 3660000
Event 3662000
Event 3664000
Event 3666000
Event 3668000
Event 3670000
Event 3672000
Event 3674000
Event 3676000
Event 3678000
Event 3680000
Event 3682000
Event 3684000
Event 3686000
Event 3688000
Event 3690000
Event 3692000
Event 3694000
Event 3696000
Event 3698000
Event 3700000
Event 3702000
Event 3704000
Event 3706000
Event 3708000
Event 3710000
Event 3712000
Event 3714000
Event 3716000
Event 3718000
Event 3720000
Event 3722000
Event 3724000
Event 3726000
Event 3728000
Event 3730000
Event 3732000
Event 3734000
Event 3736000
Event 3738000
Event 3740000
Event 3742000
Event 3744000
Event 3746000
Event 3748000
Event 3750000
Event 3752000
Event 3754000
Event 3756000
Event 3758000
Event 3760000
Event 3762000
Event 3764000
Event 3766000
Event 3768000
Event 3770000
Event 3772000
Event 3774000
Event 3776000
Event 3778000
Event 3780000
Event 3782000
Event 3784000
Event 3786000
Event 3788000
Event 3790000
Event 3792000
Event 3794000
Event 3796000
Event 3798000
Event 3800000
Event 3802000
Event 3804000
Event 3806000
Event 3808000
Event 3810000
Event 3812000
Event 3814000
Event 3816000
Event 3818000
Event 3820000
Event 3822000
Event 3824000
Event 3826000
Event 3828000
Event 3830000
Event 3832000
Event 3834000
Event 3836000
Event 3838000
Event 3840000
Event 3842000
Event 3844000
Event 3846000
Event 3848000
Event 3850000
Event 3852000
Event 3854000
Event 3856000
Event 3858000
Event 3860000
Event 3862000
Event 3864000
Event 3866000
Event 3868000
Event 3870000
Event 3872000
Event 3874000
Event 3876000
Event 3878000
Event 3880000
Event 3882000
Event 3884000
Event 3886000
Event 3888000
Event 3890000
Event 3892000
Event 3894000
Event 3896000
Event 3898000
Event 3900000
Event 3902000
Event 3904000
Event 3906000
Event 3908000
Event 3910000
Event 3912000
Event 3914000
Event 3916000
Event 3918000
Event 3920000
Event 3922000
Event 3924000
Event 3926000
Event 3928000
Event 3930000
Event 3932000
Event 3934000
Event 3936000
Event 3938000
Event 3940000
Event 3942000
Event 3944000
Event 3946000
Event 3948000
Event 3950000
Event 3952000
Event 3954000
Event 3956000
Event 3958000
Event 3960000
Event 3962000
Event 3964000
Event 3966000
Event 3968000
Event 3970000
Event 3972000
Event 3974000
Event 3976000
Event 3978000
Event 3980000
Event 3982000
Event 3984000
Event 3986000
Event 3988000
Event 3990000
Event 3992000
Event 3994000
Event 3996000
Event 3998000
Event 4000000
Event 4002000
Event 4004000
Event 4006000
Event 4008000
Event 4010000
Event 4012000
Event 4014000
Event 4016000
Event 4018000
Event 4020000
Event 4022000
Event 4024000
Event 4026000
Event 4028000
Event 4030000
Event 4032000
Event 4034000
Event 4036000
Event 4038000
Event 4040000
Event 4042000
Event 4044000
Event 4046000
Event 4048000
Event 4050000
Event 4052000
Event 4054000
Event 4056000
Event 4058000
Event 4060000
Event 4062000
Event 4064000
Event 4066000
Event 4068000
Event 4070000
Event 4072000
Event 4074000
Event 4076000
Event 4078000
Event 4080000
Event 4082000
Event 4084000
Event 4086000
Event 4088000
Event 4090000
Event 4092000
Event 4094000
Event 4096000
Event 4098000
Event 4100000
Event 4102000
Event 4104000
Event 4106000
Event 4108000
Event 4110000
Event 4112000
Event 4114000
Event 4116000
Event 4118000
Event 4120000
Event 4122000
Event 4124000
Event 4126000
Event 4128000
Event 4130000
Event 4132000
Event 4134000
Event 4136000
Event 4138000
Event 4140000
Event 4142000
Event 4144000
Event 4146000
Event 4148000
Event 4150000
Event 4152000
Event 4154000
Event 4156000
Event 4158000
Event 4160000
Event 4162000
Event 4164000
Event 4166000
Event 4168000
Event 4170000
Event 4172000
Event 4174000
Event 4176000
Event 4178000
Event 4180000
Event 4182000
Event 4184000
Event 4186000
Event 4188000
Event 4190000
Event 4192000
Event 4194000
Event 4196000
Event 4198000
Event 4200000
Event 4202000
Event 4204000
Event 4206000
Event 4208000
Event 4210000
Event 4212000
Event 4214000
Event 4216000
Event 4218000
Event 4220000
Event 4222000
Event 4224000
Event 4226000
Event 4228000
Event 4230000
Event 4232000
Event 4234000
Event 4236000
Event 4238000
Event 4240000
Event 4242000
Event 4244000
Event 4246000
Event 4248000
Event 4250000
Event 4252000
Event 4254000
Event 4256000
Event 4258000
Event 4260000
Event 4262000
Event 4264000
Event 4266000
Event 4268000
Event 4270000
Event 4272000
Event 4274000
Event 4276000
Event 4278000
Event 4280000
Event 4282000
Event 4284000
Event 4286000
Event 4288000
Event 4290000
Event 4292000
Event 4294000
Event 4296000
Event 4298000
Event 4300000
Event 4302000
Event 4304000
Event 4306000
Event 4308000
Event 4310000
Event 4312000
Event 4314000
Event 4316000
Event 4318000
Event 4320000
Event 4322000
Event 4324000
Event 4326000
Event 4328000
Event 4330000
Event 4332000
Event 4334000
Event 4336000
Event 4338000
Event 4340000
Event 4342000
Event 4344000
Event 4346000
Event 4348000
Event 4350000
Event 4352000
Event 4354000
Event 4356000
Event 4358000
Event 4360000
Event 4362000
Event 4364000
Event 4366000
Event 4368000
Event 4370000
Event 4372000
Event 4374000
Event 4376000
Event 4378000
Event 4380000
Event 4382000
Event 4384000
Event 4386000
Event 4388000
Event 4390000
Event 4392000
Event 4394000
Event 4396000
Event 4398000
Event 4400000
Event 4402000
Event 4404000
Event 4406000
Event 4408000
Event 4410000
Event 4412000
Event 4414000
Event 4416000
Event 4418000
Event 4420000
Event 4422000
Event 4424000
Event 4426000
Event 4428000
Event 4430000
Event 4432000
Event 4434000
Event 4436000
Event 4438000
Event 4440000
Event 4442000
Event 4444000
Event 4446000
Event 4448000
Event 4450000
Event 4452000
Event 4454000
Event 4456000
Event 4458000
Event 4460000
Event 4462000
Event 4464000
Event 4466000
Event 4468000
Event 4470000
Event 4472000
Event 4474000
Event 4476000
Event 4478000
Event 4480000
Event 4482000
Event 4484000
Event 4486000
Event 4488000
Event 4490000
Event 4492000
Event 4494000
Event 4496000
Event 4498000
Event 4500000
Event 4502000
Event 4504000
Event 4506000
Event 4508000
Event 4510000
Event 4512000
Event 4514000
Event 4516000
Event 4518000
Event 4520000
Event 4522000
Event 4524000
Event 4526000
Event 4528000
Event 4530000
Event 4532000
Event 4534000
Event 4536000
Event 4538000
Event 4540000
Event 4542000
Event 4544000
Event 4546000
Event 4548000
Event 4550000
Event 4552000
Event 4554000
Event 4556000
Event 4558000
Event 4560000
Event 4562000
Event 4564000
Event 4566000
Event 4568000
Event 4570000
Event 4572000
Event 4574000
Event 4576000
Event 4578000
Event 4580000
Event 4582000
Event 4584000
Event 4586000
Event 4588000
Event 4590000
Event 4592000
Event 4594000
Event 4596000
Event 4598000
Event 4600000
Event 4602000
Event 4604000
Event 4606000
Event 4608000
Event 4610000
Event 4612000
Event 4614000
Event 4616000
Event 4618000
Event 4620000
Event 4622000
Event 4624000
Event 4626000
Event 4628000
Event 4630000
Event 4632000
Event 4634000
Event 4636000
Event 4638000
Event 4640000
Event 4642000
Event 4644000
Event 4646000
Event 4648000
Event 4650000
Event 4652000
Event 4654000
Event 4656000
Event 4658000
Event 4660000
Event 4662000
Event 4664000
Event 4666000
Event 4668000
Event 4670000
Event 4672000
Event 4674000
Event 4676000
Event 4678000
Event 4680000
Event 4682000
Event 4684000
Event 4686000
Event 4688000
Event 4690000
Event 4692000
Event 4694000
Event 4696000
Event 4698000
Event 4700000
Event 4702000
Event 4704000
Event 4706000
Event 4708000
Event 4710000
Event 4712000
Event 4714000
Event 4716000
Event 4718000
Event 4720000
Event 4722000
Event 4724000
Event 4726000
Event 4728000
Event 4730000
Event 4732000
Event 4734000
Event 4736000
Event 4738000
Event 4740000
Event 4742000
Event 4744000
Event 4746000
Event 4748000
Event 4750000
Event 4752000
Event 4754000
Event 4756000
Event 4758000
Event 4760000
Event 4762000
Event 4764000
Event 4766000
Event 4768000
Event 4770000
Event 4772000
Event 4774000
Event 4776000
Event 4778000
Event 4780000
Event 4782000
Event 4784000
Event 4786000
Event 4788000
Event 4790000
Event 4792000
Event 4794000
Event 4796000
Event 4798000
Event 4800000
Event 4802000
Event 4804000
Event 4806000
Event 4808000
Event 4810000
Event 4812000
Event 4814000
Event 4816000
Event 4818000
Event 4820000
Event 4822000
Event 4824000
Event 4826000
Event 4828000
Event 4830000
Event 4832000
Event 4834000
Event 4836000
Event 4838000
Event 4840000
Event 4842000
Event 4844000
Event 4846000
Event 4848000
Event 4850000
Event 4852000
Event 4854000
Event 4856000
Event 4858000
Event 4860000
Event 4862000
Event 4864000
Event 4866000
Event 4868000
Event 4870000
Event 4872000
Event 4874000
Event 4876000
Event 4878000
Event 4880000
Event 4882000
Event 4884000
Event 4886000
Event 4888000
Event 4890000
Event 4892000
Event 4894000
Event 4896000
Event 4898000
Event 4900000
Event 4902000
Event 4904000
Event 4906000
Event 4908000
Event 4910000
Event 4912000
Event 4914000
Event 4916000
Event 4918000
Event 4920000
Event 4922000
Event 4924000
Event 4926000
Event 4928000
Event 4930000
Event 4932000
Event 4934000
Event 4936000
Event 4938000
Event 4940000
Event 4942000
Event 4944000
Event 4946000
Event 4948000
Event 4950000
Event 4952000
Event 4954000
Event 4956000
Event 4958000
Event 4960000
Event 4962000
Event 4964000
Event 4966000
Event 4968000
Event 4970000
Event 4972000
Event 4974000
Event 4976000
Event 4978000
Event 4980000
Event 4982000
Event 4984000
Event 4986000
Event 4988000
Event 4990000
Event 4992000
Event 4994000
Event 4996000
Event 4998000
Event 5000000
Event 5002000
Event 5004000
Event 5006000
Event 5008000
Event 5010000
Event 5012000
Event 5014000
Event 5016000
Event 5018000
Event 5020000
Event 5022000
Event 5024000
Event 5026000
Event 5028000
Event 5030000
Event 5032000
Event 5034000
Event 5036000
Event 5038000
Event 5040000
Event 5042000
Event 5044000
Event 5046000
Event 5048000
Event 5050000
Event 5052000
Event 5054000
Event 5056000
Event 5058000
Event 5060000
Event 5062000
Event 5064000
Event 5066000
Event 5068000
Event 5070000
Event 5072000
Event 5074000
Event 5076000
Event 5078000
Event 5080000
Event 5082000
Event 5084000
Event 5086000
Event 5088000
Event 5090000
Event 5092000
Event 5094000
Event 5096000
Event 5098000
Event 5100000
Event 5102000
Event 5104000
Event 5106000
Event 5108000
Event 5110000
Event 5112000
Event 5114000
Event 5116000
Event 5118000
Event 5120000
Event 5122000
Event 5124000
Event 5126000
Event 5128000
Event 5130000
Event 5132000
Event 5134000
Event 5136000
Event 5138000
Event 5140000
Event 5142000
Event 5144000
Event 5146000
Event 5148000
Event 5150000
Event 5152000
Event 5154000
Event 5156000
Event 5158000
Event 5160000
Event 5162000
Event 5164000
Event 5166000
Event 5168000
Event 5170000
Event 5172000
Event 5174000
Event 5176000
Event 5178000
Event 5180000
Event 5182000
Event 5184000
Event 5186000
Event 5188000
Event 5190000
Event 5192000
Event 5194000
Event 5196000
Event 5198000
Event 5200000
Event 5202000
Event 5204000
Event 5206000
Event 5208000
Event 5210000
Event 5212000
Event 5214000
Event 5216000
Event 5218000
Event 5220000
Event 5222000
Event 5224000
Event 5226000
Event 5228000
Event 5230000
Event 5232000
Event 5234000
Event 5236000
Event 5238000
Event 5240000
Event 5242000
Event 5244000
Event 5246000
Event 5248000
Event 5250000
Event 5252000
Event 5254000
Event 5256000
Event 5258000
Event 5260000
Event 5262000
Event 5264000
Event 5266000
Event 5268000
Event 5270000
Event 5272000
Event 5274000
Event 5276000
Event 5278000
Event 5280000
Event 5282000
Event 5284000
Event 5286000
Event 5288000
Event 5290000
Event 5292000
Event 5294000
Event 5296000
Event 5298000
Event 5300000
Event 5302000
Event 5304000
Event 5306000
Event 5308000
Event 5310000
Event 5312000
Event 5314000
Event 5316000
Event 5318000
Event 5320000
Event 5322000
Event 5324000
Event 5326000
Event 5328000
Event 5330000
Event 5332000
Event 5334000
Event 5336000
Event 5338000
Event 5340000
Event 5342000
Event 5344000
Event 5346000
Event 5348000
Event 5350000
Event 5352000
Event 5354000
Event 5356000
Event 5358000
Event 5360000
Event 5362000
Event 5364000
Event 5366000
Event 5368000
Event 5370000
Event 5372000
Event 5374000
Event 5376000
Event 5378000
Event 5380000
Event 5382000
Event 5384000
Event 5386000
Event 5388000
Event 5390000
Event 5392000
Event 5394000
Event 5396000
Event 5398000
Event 5400000
Event 5402000
Event 5404000
Event 5406000
Event 5408000
Event 5410000
Event 5412000
Event 5414000
Event 5416000
Event 5418000
Event 5420000
Event 5422000
Event 5424000
Event 5426000
Event 5428000
Event 5430000
Event 5432000
Event 5434000
Event 5436000
Event 5438000
Event 5440000
Event 5442000
Event 5444000
Event 5446000
Event 5448000
Event 5450000
Event 5452000
Event 5454000
Event 5456000
Event 5458000
Event 5460000
Event 5462000
Event 5464000
Event 5466000
Event 5468000
Event 5470000
Event 5472000
Event 5474000
Event 5476000
Event 5478000
Event 5480000
Event 5482000
Event 5484000
Event 5486000
Event 5488000
Event 5490000
Event 5492000
Event 5494000
Event 5496000
Event 5498000
Event 5500000
Event 5502000
Event 5504000
Event 5506000
Event 5508000
Event 5510000
Event 5512000
Event 5514000
Event 5516000
Event 5518000
Event 5520000
Event 5522000
Event 5524000
Event 5526000
Event 5528000
Event 5530000
Event 5532000
Event 5534000
Event 5536000
Event 5538000
Event 5540000
Event 5542000
Event 5544000
Event 5546000
Event 5548000
Event 5550000
Event 5552000
Event 5554000
Event 5556000
Event 5558000
Event 5560000
Event 5562000
Event 5564000
Event 5566000
Event 5568000
Event 5570000
Event 5572000
Event 5574000
Event 5576000
Event 5578000
Event 5580000
Event 5582000
Event 5584000
Event 5586000
Event 5588000
Event 5590000
Event 5592000
Event 5594000
Event 5596000
Event 5598000
Event 5600000
Event 5602000
Event 5604000
Event 5606000
Event 5608000
Event 5610000
Event 5612000
Event 5614000
Event 5616000
Event 5618000
Event 5620000
Event 5622000
Event 5624000
Event 5626000
Event 5628000
Event 5630000
Event 5632000
Event 5634000
Event 5636000
Event 5638000
Event 5640000
Event 5642000
Event 5644000
Event 5646000
Event 5648000
Event 5650000
Event 5652000
Event 5654000
Event 5656000
Event 5658000
Event 5660000
Event 5662000
Event 5664000
Event 5666000
Event 5668000
Event 5670000
Event 5672000
Event 5674000
Event 5676000
Event 5678000
Event 5680000
Event 5682000
Event 5684000
Event 5686000
Event 5688000
Event 5690000
Event 5692000
Event 5694000
Event 5696000
Event 5698000
Event 5700000
Event 5702000
Event 5704000
Event 5706000
Event 5708000
Event 5710000
Event 5712000
Event 5714000
Event 5716000
Event 5718000
Event 5720000
Event 5722000
Event 5724000
Event 5726000
Event 5728000
Event 5730000
Event 5732000
Event 5734000
Event 5736000
Event 5738000
Event 5740000
Event 5742000
Event 5744000
Event 5746000
Event 5748000
Event 5750000
Event 5752000
Event 5754000
Event 5756000
Event 5758000
Event 5760000
Event 5762000
Event 5764000
Event 5766000
Event 5768000
Event 5770000
Event 5772000
Event 5774000
Event 5776000
Event 5778000
Event 5780000
Event 5782000
Event 5784000
Event 5786000
Event 5788000
Event 5790000
Event 5792000
Event 5794000
Event 5796000
Event 5798000
Event 5800000
Event 5802000
Event 5804000
Event 5806000
Event 5808000
Event 5810000
Event 5812000
Event 5814000
Event 5816000
Event 5818000
Event 5820000
Event 5822000
Event 5824000
Event 5826000
Event 5828000
Event 5830000
Event 5832000
Event 5834000
Event 5836000
Event 5838000
Event 5840000
Event 5842000
Event 5844000
Event 5846000
Event 5848000
Event 5850000
Event 5852000
Event 5854000
Event 5856000
Event 5858000
Event 5860000
Event 5862000
Event 5864000
Event 5866000
Event 5868000
Event 5870000
Event 5872000
Event 5874000
Event 5876000
Event 5878000
Event 5880000
Event 5882000
Event 5884000
Event 5886000
Event 5888000
Event 5890000
Event 5892000
Event 5894000
Event 5896000
Event 5898000
Event 5900000
Event 5902000
Event 5904000
Event 5906000
Event 5908000
Event 5910000
Event 5912000
Event 5914000
Event 5916000
Event 5918000
Event 5920000
Event 5922000
Event 5924000
Event 5926000
Event 5928000
Event 5930000
Event 5932000
Event 5934000
Event 5936000
Event 5938000
Event 5940000
Event 5942000
Event 5944000
Event 5946000
Event 5948000
Event 5950000
Event 5952000
Event 5954000
Event 5956000
Event 5958000
Event 5960000
Event 5962000
Event 5964000
Event 5966000
Event 5968000
Event 5970000
Event 5972000
Event 5974000
Event 5976000
Event 5978000
Event 5980000
Event 5982000
Event 5984000
Event 5986000
Event 5988000
Event 5990000
Event 5992000
Event 5994000
Event 5996000
Event 5998000
Event 6000000
Event 6002000
Event 6004000
Event 6006000
Event 6008000
Event 6010000
Event 6012000
Event 6014000
Event 6016000
Event 6018000
Event 6020000
Event 6022000
Event 6024000
Event 6026000
Event 6028000
Event 6030000
Event 6032000
Event 6034000
Event 6036000
Event 6038000
Event 6040000
Event 6042000
Event 6044000
Event 6046000
Event 6048000
Event 6050000
Event 6052000
Event 6054000
Event 6056000
Event 6058000
Event 6060000
Event 6062000
Event 6064000
Event 6066000
Event 6068000
Event 6070000
Event 6072000
Event 6074000
Event 6076000
Event 6078000
Event 6080000
Event 6082000
Event 6084000
Event 6086000
Event 6088000
Event 6090000
Event 6092000
Event 6094000
Event 6096000
Event 6098000
Event 6100000
Event 6102000
Event 6104000
Event 6106000
Event 6108000
Event 6110000
Event 6112000
Event 6114000
Event 6116000
Event 6118000
Event 6120000
Event 6122000
Event 6124000
Event 6126000
Event 6128000
Event 6130000
Event 6132000
Event 6134000
Event 6136000
Event 6138000
Event 6140000
Event 6142000
Event 6144000
Event 6146000
Event 6148000
Event 6150000
Event 6152000
Event 6154000
Event 6156000
Event 6158000
Event 6160000
Event 6162000
Event 6164000
Event 6166000
Event 6168000
Event 6170000
Event 6172000
Event 6174000
Event 6176000
Event 6178000
Event 6180000
Event 6182000
Event 6184000
Event 6186000
Event 6188000
Event 6190000
Event 6192000
Event 6194000
Event 6196000
Event 6198000
Event 6200000
Event 6202000
Event 6204000
Event 6206000
Event 6208000
Event 6210000
Event 6212000
Event 6214000
Event 6216000
Event 6218000
Event 6220000
Event 6222000
Event 6224000
Event 6226000
Event 6228000
Event 6230000
Event 6232000
Event 6234000
Event 6236000
Event 6238000
Event 6240000
Event 6242000
Event 6244000
Event 6246000
Event 6248000
Event 6250000
Event 6252000
Event 6254000
Event 6256000
Event 6258000
Event 6260000
Event 6262000
Event 6264000
Event 6266000
Event 6268000
Event 6270000
Event 6272000
Event 6274000
Event 6276000
Event 6278000
Event 6280000
Event 6282000
Event 6284000
Event 6286000
Event 6288000
Event 6290000
Event 6292000
Event 6294000
Event 6296000
Event 6298000
Event 6300000
Event 6302000
Event 6304000
Event 6306000
Event 6308000
Event 6310000
Event 6312000
Event 6314000
Event 6316000
Event 6318000
Event 6320000
Event 6322000
Event 6324000
Event 6326000
Event 6328000
Event 6330000
Event 6332000
Event 6334000
Event 6336000
Event 6338000
Event 6340000
Event 6342000
Event 6344000
Event 6346000
Event 6348000
Event 6350000
Event 6352000
Event 6354000
Event 6356000
Event 6358000
Event 6360000
Event 6362000
Event 6364000
Event 6366000
Event 6368000
Event 6370000
Event 6372000
Event 6374000
Event 6376000
Event 6378000
Event 6380000
Event 6382000
Event 6384000
Event 6386000
Event 6388000
Event 6390000
Event 6392000
Event 6394000
Event 6396000
Event 6398000
Event 6400000
Event 6402000
Event 6404000
Event 6406000
Event 6408000
Event 6410000
Event 6412000
Event 6414000
Event 6416000
Event 6418000
Event 6420000
Event 6422000
Event 6424000
Event 6426000
Event 6428000
Event 6430000
Event 6432000
Event 6434000
Event 6436000
Event 6438000
Event 6440000
Event 6442000
Event 6444000
Event 6446000
Event 6448000
Event 6450000
Event 6452000
Event 6454000
Event 6456000
Event 6458000
Event 6460000
Event 6462000
Event 6464000
Event 6466000
Event 6468000
Event 6470000
Event 6472000
Event 6474000
Event 6476000
Event 6478000
Event 6480000
Event 6482000
Event 6484000
Event 6486000
Event 6488000
Event 6490000
Event 6492000
Event 6494000
Event 6496000
Event 6498000
Event 6500000
Event 6502000
Event 6504000
Event 6506000
Event 6508000
Event 6510000
Event 6512000
Event 6514000
Event 6516000
Event 6518000
Event 6520000
Event 6522000
Event 6524000
Event 6526000
Event 6528000
Event 6530000
Event 6532000
Event 6534000
Event 6536000
Event 6538000
Event 6540000
Event 6542000
Event 6544000
Event 6546000
Event 6548000
Event 6550000
Event 6552000
Event 6554000
Event 6556000
Event 6558000
Event 6560000
Event 6562000
Event 6564000
Event 6566000
Event 6568000
Event 6570000
Event 6572000
Event 6574000
Event 6576000
Event 6578000
Event 6580000
Event 6582000
Event 6584000
Event 6586000
Event 6588000
Event 6590000
Event 6592000
Event 6594000
+++ skimming /dataf/mewu/LooseSkim_v2/DYJetsToLL_M50_PtZ100.root +++
-- Input file: /dataf/mewu/LooseSkim_v2/DYJetsToLL_M50_PtZ100.root
-- Output file: /dataf/mewu/nonResSkim_v1/DYJetsToLL_M50_PtZ100.root
-- Selection: (1)
[Info] : a PLAIN shape correction weight (1.0) added to el-mu pair event 
Error in <TTree::SetBranchStatus>: unknown branch -> dPhi_jetMet*
Error in <TTree::SetBranchStatus>: unknown branch -> metNoJet*
Error in <TTree::SetBranchStatus>: unknown branch -> sumJetsInT1*
Error in <TTree::SetBranchStatus>: unknown branch -> elmu_*
221157 events to process.
Event 0
Event 2000
Event 4000
Event 6000
Event 8000
Event 10000
Event 12000
Event 14000
Event 16000
Event 18000
Event 20000
Event 22000
Event 24000
Event 26000
Event 28000
Event 30000
Event 32000
Event 34000
Event 36000
Event 38000
Event 40000
Event 42000
Event 44000
Event 46000
Event 48000
Event 50000
Event 52000
Event 54000
Event 56000
Event 58000
Event 60000
Event 62000
Event 64000
Event 66000
Event 68000
Event 70000
Event 72000
Event 74000
Event 76000
Event 78000
Event 80000
Event 82000
Event 84000
Event 86000
Event 88000
Event 90000
Event 92000
Event 94000
Event 96000
Event 98000
Event 100000
Event 102000
Event 104000
Event 106000
Event 108000
Event 110000
Event 112000
Event 114000
Event 116000
Event 118000
Event 120000
Event 122000
Event 124000
Event 126000
Event 128000
Event 130000
Event 132000
Event 134000
Event 136000
Event 138000
Event 140000
Event 142000
Event 144000
Event 146000
Event 148000
Event 150000
Event 152000
Event 154000
Event 156000
Event 158000
Event 160000
Event 162000
Event 164000
Event 166000
Event 168000
Event 170000
Event 172000
Event 174000
Event 176000
Event 178000
Event 180000
Event 182000
Event 184000
Event 186000
[Warning] This event elmu_eff==1.0, please check: (A+B-A*B) = 100
Event 188000
Event 190000
Event 192000
Event 194000
Event 196000
Event 198000
Event 200000
Event 202000
Event 204000
Event 206000
Event 208000
Event 210000
Event 212000
Event 214000
Event 216000
Event 218000
Event 220000
+++ skimming /dataf/mewu/LooseSkim_v2/MuonEG_Run2015C_25ns_16Dec.root +++
-- Input file: /dataf/mewu/LooseSkim_v2/MuonEG_Run2015C_25ns_16Dec.root
-- Output file: /dataf/mewu/nonResSkim_v1/MuonEG_Run2015C_25ns_16Dec.root
-- Selection: (1)
[Info] : a PLAIN shape correction weight (1.0) added to el-mu pair event 
Error in <TTree::SetBranchStatus>: unknown branch -> dPhi_jetMet*
Error in <TTree::SetBranchStatus>: unknown branch -> metNoJet*
Error in <TTree::SetBranchStatus>: unknown branch -> sumJetsInT1*
Error in <TTree::SetBranchStatus>: unknown branch -> elmu_*
Error in <TTree::SetBranchStatus>: unknown branch -> *nunu_l2_gen*
94 events to process.
Event 0
+++ skimming /dataf/mewu/LooseSkim_v2/MuonEG_Run2015D_16Dec.root +++
-- Input file: /dataf/mewu/LooseSkim_v2/MuonEG_Run2015D_16Dec.root
-- Output file: /dataf/mewu/nonResSkim_v1/MuonEG_Run2015D_16Dec.root
-- Selection: (1)
[Info] : a PLAIN shape correction weight (1.0) added to el-mu pair event 
Error in <TTree::SetBranchStatus>: unknown branch -> dPhi_jetMet*
Error in <TTree::SetBranchStatus>: unknown branch -> metNoJet*
Error in <TTree::SetBranchStatus>: unknown branch -> sumJetsInT1*
Error in <TTree::SetBranchStatus>: unknown branch -> elmu_*
Error in <TTree::SetBranchStatus>: unknown branch -> *nunu_l2_gen*
15236 events to process.
Event 0
Event 2000
Event 4000
Event 6000
Event 8000
Event 10000
Event 12000
Event 14000
+++ skimming /dataf/mewu/LooseSkim_v2/SingleElectron_Run2015C_25ns_16Dec.root +++
-- Input file: /dataf/mewu/LooseSkim_v2/SingleElectron_Run2015C_25ns_16Dec.root
-- Output file: /dataf/mewu/nonResSkim_v1/SingleElectron_Run2015C_25ns_16Dec.root
-- Selection: (1)
[Info] : a PLAIN shape correction weight (1.0) added to el-mu pair event 
Error in <TTree::SetBranchStatus>: unknown branch -> dPhi_jetMet*
Error in <TTree::SetBranchStatus>: unknown branch -> metNoJet*
Error in <TTree::SetBranchStatus>: unknown branch -> sumJetsInT1*
Error in <TTree::SetBranchStatus>: unknown branch -> elmu_*
Error in <TTree::SetBranchStatus>: unknown branch -> *nunu_l2_gen*
53 events to process.
Event 0
+++ skimming /dataf/mewu/LooseSkim_v2/SingleElectron_Run2015D_16Dec.root +++
-- Input file: /dataf/mewu/LooseSkim_v2/SingleElectron_Run2015D_16Dec.root
-- Output file: /dataf/mewu/nonResSkim_v1/SingleElectron_Run2015D_16Dec.root
-- Selection: (1)
[Info] : a PLAIN shape correction weight (1.0) added to el-mu pair event 
Error in <TTree::SetBranchStatus>: unknown branch -> dPhi_jetMet*
Error in <TTree::SetBranchStatus>: unknown branch -> metNoJet*
Error in <TTree::SetBranchStatus>: unknown branch -> sumJetsInT1*
Error in <TTree::SetBranchStatus>: unknown branch -> elmu_*
Error in <TTree::SetBranchStatus>: unknown branch -> *nunu_l2_gen*
8864 events to process.
Event 0
Event 2000
Event 4000
Event 6000
Event 8000
+++ skimming /dataf/mewu/LooseSkim_v2/SingleMuon_Run2015C_25ns_16Dec.root +++
-- Input file: /dataf/mewu/LooseSkim_v2/SingleMuon_Run2015C_25ns_16Dec.root
-- Output file: /dataf/mewu/nonResSkim_v1/SingleMuon_Run2015C_25ns_16Dec.root
-- Selection: (1)
[Info] : a PLAIN shape correction weight (1.0) added to el-mu pair event 
Error in <TTree::SetBranchStatus>: unknown branch -> dPhi_jetMet*
Error in <TTree::SetBranchStatus>: unknown branch -> metNoJet*
Error in <TTree::SetBranchStatus>: unknown branch -> sumJetsInT1*
Error in <TTree::SetBranchStatus>: unknown branch -> elmu_*
Error in <TTree::SetBranchStatus>: unknown branch -> *nunu_l2_gen*
3299 events to process.
Event 0
Event 2000
+++ skimming /dataf/mewu/LooseSkim_v2/SingleMuon_Run2015D_16Dec.root +++
-- Input file: /dataf/mewu/LooseSkim_v2/SingleMuon_Run2015D_16Dec.root
-- Output file: /dataf/mewu/nonResSkim_v1/SingleMuon_Run2015D_16Dec.root
-- Selection: (1)
[Info] : a PLAIN shape correction weight (1.0) added to el-mu pair event 
Error in <TTree::SetBranchStatus>: unknown branch -> dPhi_jetMet*
Error in <TTree::SetBranchStatus>: unknown branch -> metNoJet*
Error in <TTree::SetBranchStatus>: unknown branch -> sumJetsInT1*
Error in <TTree::SetBranchStatus>: unknown branch -> elmu_*
Error in <TTree::SetBranchStatus>: unknown branch -> *nunu_l2_gen*
445871 events to process.
Event 0
Event 2000
Event 4000
Event 6000
Event 8000
Event 10000
Event 12000
Event 14000
Event 16000
Event 18000
Event 20000
Event 22000
Event 24000
Event 26000
Event 28000
Event 30000
Event 32000
Event 34000
Event 36000
Event 38000
Event 40000
Event 42000
Event 44000
Event 46000
Event 48000
Event 50000
Event 52000
Event 54000
Event 56000
Event 58000
Event 60000
Event 62000
Event 64000
Event 66000
Event 68000
Event 70000
Event 72000
Event 74000
Event 76000
Event 78000
Event 80000
Event 82000
Event 84000
Event 86000
Event 88000
Event 90000
Event 92000
Event 94000
Event 96000
Event 98000
Event 100000
Event 102000
Event 104000
Event 106000
Event 108000
Event 110000
Event 112000
Event 114000
Event 116000
Event 118000
Event 120000
Event 122000
Event 124000
Event 126000
Event 128000
Event 130000
Event 132000
Event 134000
Event 136000
Event 138000
Event 140000
Event 142000
Event 144000
Event 146000
Event 148000
Event 150000
Event 152000
Event 154000
Event 156000
Event 158000
Event 160000
Event 162000
Event 164000
Event 166000
Event 168000
Event 170000
Event 172000
Event 174000
Event 176000
Event 178000
Event 180000
Event 182000
Event 184000
Event 186000
Event 188000
Event 190000
Event 192000
Event 194000
Event 196000
Event 198000
Event 200000
Event 202000
Event 204000
Event 206000
Event 208000
Event 210000
Event 212000
Event 214000
Event 216000
Event 218000
Event 220000
Event 222000
Event 224000
Event 226000
Event 228000
Event 230000
Event 232000
Event 234000
Event 236000
Event 238000
Event 240000
Event 242000
Event 244000
Event 246000
Event 248000
Event 250000
Event 252000
Event 254000
Event 256000
Event 258000
Event 260000
Event 262000
Event 264000
Event 266000
Event 268000
Event 270000
Event 272000
Event 274000
Event 276000
Event 278000
Event 280000
Event 282000
Event 284000
Event 286000
Event 288000
Event 290000
Event 292000
Event 294000
Event 296000
Event 298000
Event 300000
Event 302000
Event 304000
Event 306000
Event 308000
Event 310000
Event 312000
Event 314000
Event 316000
Event 318000
Event 320000
Event 322000
Event 324000
Event 326000
Event 328000
Event 330000
Event 332000
Event 334000
Event 336000
Event 338000
Event 340000
Event 342000
Event 344000
Event 346000
Event 348000
Event 350000
Event 352000
Event 354000
Event 356000
Event 358000
Event 360000
Event 362000
Event 364000
Event 366000
Event 368000
Event 370000
Event 372000
Event 374000
Event 376000
Event 378000
Event 380000
Event 382000
Event 384000
Event 386000
Event 388000
Event 390000
Event 392000
Event 394000
Event 396000
Event 398000
Event 400000
Event 402000
Event 404000
Event 406000
Event 408000
Event 410000
Event 412000
Event 414000
Event 416000
Event 418000
Event 420000
Event 422000
Event 424000
Event 426000
Event 428000
Event 430000
Event 432000
Event 434000
Event 436000
Event 438000
Event 440000
Event 442000
Event 444000
+++ skimming /dataf/mewu/LooseSkim_v2/TTTo2L2Nu.root +++
-- Input file: /dataf/mewu/LooseSkim_v2/TTTo2L2Nu.root
-- Output file: /dataf/mewu/nonResSkim_v1/TTTo2L2Nu.root
-- Selection: (1)
[Info] : a PLAIN shape correction weight (1.0) added to el-mu pair event 
Error in <TTree::SetBranchStatus>: unknown branch -> dPhi_jetMet*
Error in <TTree::SetBranchStatus>: unknown branch -> metNoJet*
Error in <TTree::SetBranchStatus>: unknown branch -> sumJetsInT1*
Error in <TTree::SetBranchStatus>: unknown branch -> elmu_*
249339 events to process.
Event 0
Event 2000
Event 4000
Event 6000
Event 8000
Event 10000
Event 12000
Event 14000
Event 16000
Event 18000
Event 20000
Event 22000
Event 24000
Event 26000
Event 28000
Event 30000
Event 32000
Event 34000
Event 36000
Event 38000
Event 40000
Event 42000
Event 44000
Event 46000
Event 48000
Event 50000
Event 52000
Event 54000
Event 56000
Event 58000
Event 60000
Event 62000
Event 64000
Event 66000
Event 68000
Event 70000
Event 72000
Event 74000
Event 76000
Event 78000
Event 80000
Event 82000
Event 84000
Event 86000
Event 88000
Event 90000
Event 92000
Event 94000
Event 96000
Event 98000
Event 100000
Event 102000
Event 104000
Event 106000
Event 108000
Event 110000
Event 112000
Event 114000
[Warning] This event elmu_eff==1.0, please check: (A+B-A*B) = 100
Event 116000
Event 118000
Event 120000
Event 122000
Event 124000
Event 126000
Event 128000
Event 130000
Event 132000
Event 134000
Event 136000
Event 138000
Event 140000
Event 142000
Event 144000
Event 146000
Event 148000
Event 150000
Event 152000
Event 154000
Event 156000
Event 158000
Event 160000
Event 162000
Event 164000
Event 166000
Event 168000
Event 170000
Event 172000
Event 174000
Event 176000
Event 178000
Event 180000
Event 182000
Event 184000
Event 186000
Event 188000
Event 190000
Event 192000
Event 194000
Event 196000
Event 198000
Event 200000
Event 202000
Event 204000
Event 206000
Event 208000
Event 210000
Event 212000
Event 214000
Event 216000
Event 218000
Event 220000
Event 222000
Event 224000
Event 226000
Event 228000
Event 230000
Event 232000
Event 234000
Event 236000
Event 238000
Event 240000
Event 242000
Event 244000
Event 246000
Event 248000
+++ skimming /dataf/mewu/LooseSkim_v2/TTWJetsToLNu.root +++
-- Input file: /dataf/mewu/LooseSkim_v2/TTWJetsToLNu.root
-- Output file: /dataf/mewu/nonResSkim_v1/TTWJetsToLNu.root
-- Selection: (1)
[Info] : a PLAIN shape correction weight (1.0) added to el-mu pair event 
Error in <TTree::SetBranchStatus>: unknown branch -> dPhi_jetMet*
Error in <TTree::SetBranchStatus>: unknown branch -> metNoJet*
Error in <TTree::SetBranchStatus>: unknown branch -> sumJetsInT1*
Error in <TTree::SetBranchStatus>: unknown branch -> elmu_*
5923 events to process.
Event 0
Event 2000
Event 4000
+++ skimming /dataf/mewu/LooseSkim_v2/TTZToLLNuNu.root +++
-- Input file: /dataf/mewu/LooseSkim_v2/TTZToLLNuNu.root
-- Output file: /dataf/mewu/nonResSkim_v1/TTZToLLNuNu.root
-- Selection: (1)
[Info] : a PLAIN shape correction weight (1.0) added to el-mu pair event 
Error in <TTree::SetBranchStatus>: unknown branch -> dPhi_jetMet*
Error in <TTree::SetBranchStatus>: unknown branch -> metNoJet*
Error in <TTree::SetBranchStatus>: unknown branch -> sumJetsInT1*
Error in <TTree::SetBranchStatus>: unknown branch -> elmu_*
34111 events to process.
Event 0
Event 2000
Event 4000
Event 6000
Event 8000
Event 10000
[Warning] This event elmu_eff==1.0, please check: (A+B-A*B) = 100
Event 12000
Event 14000
Event 16000
Event 18000
Event 20000
Event 22000
Event 24000
Event 26000
Event 28000
Event 30000
Event 32000
Event 34000
+++ skimming /dataf/mewu/LooseSkim_v2/WJetsToLNu.root +++
-- Input file: /dataf/mewu/LooseSkim_v2/WJetsToLNu.root
-- Output file: /dataf/mewu/nonResSkim_v1/WJetsToLNu.root
-- Selection: (1)
[Info] : a PLAIN shape correction weight (1.0) added to el-mu pair event 
Error in <TTree::SetBranchStatus>: unknown branch -> dPhi_jetMet*
Error in <TTree::SetBranchStatus>: unknown branch -> metNoJet*
Error in <TTree::SetBranchStatus>: unknown branch -> sumJetsInT1*
Error in <TTree::SetBranchStatus>: unknown branch -> elmu_*
71 events to process.
Event 0
+++ skimming /dataf/mewu/LooseSkim_v2/WWTo2L2Nu.root +++
-- Input file: /dataf/mewu/LooseSkim_v2/WWTo2L2Nu.root
-- Output file: /dataf/mewu/nonResSkim_v1/WWTo2L2Nu.root
-- Selection: (1)
[Info] : a PLAIN shape correction weight (1.0) added to el-mu pair event 
Error in <TTree::SetBranchStatus>: unknown branch -> dPhi_jetMet*
Error in <TTree::SetBranchStatus>: unknown branch -> metNoJet*
Error in <TTree::SetBranchStatus>: unknown branch -> sumJetsInT1*
Error in <TTree::SetBranchStatus>: unknown branch -> elmu_*
59154 events to process.
Event 0
Event 2000
Event 4000
Event 6000
Event 8000
Event 10000
Event 12000
Event 14000
Event 16000
Event 18000
Event 20000
Event 22000
Event 24000
Event 26000
Event 28000
Event 30000
Event 32000
Event 34000
Event 36000
Event 38000
Event 40000
Event 42000
Event 44000
Event 46000
Event 48000
Event 50000
Event 52000
Event 54000
Event 56000
Event 58000
+++ skimming /dataf/mewu/LooseSkim_v2/WWToLNuQQ.root +++
-- Input file: /dataf/mewu/LooseSkim_v2/WWToLNuQQ.root
-- Output file: /dataf/mewu/nonResSkim_v1/WWToLNuQQ.root
-- Selection: (1)
[Info] : a PLAIN shape correction weight (1.0) added to el-mu pair event 
Error in <TTree::SetBranchStatus>: unknown branch -> dPhi_jetMet*
Error in <TTree::SetBranchStatus>: unknown branch -> metNoJet*
Error in <TTree::SetBranchStatus>: unknown branch -> sumJetsInT1*
Error in <TTree::SetBranchStatus>: unknown branch -> elmu_*
53 events to process.
Event 0
+++ skimming /dataf/mewu/LooseSkim_v2/WZTo1L1Nu2Q.root +++
-- Input file: /dataf/mewu/LooseSkim_v2/WZTo1L1Nu2Q.root
-- Output file: /dataf/mewu/nonResSkim_v1/WZTo1L1Nu2Q.root
-- Selection: (1)
[Info] : a PLAIN shape correction weight (1.0) added to el-mu pair event 
Error in <TTree::SetBranchStatus>: unknown branch -> dPhi_jetMet*
Error in <TTree::SetBranchStatus>: unknown branch -> metNoJet*
Error in <TTree::SetBranchStatus>: unknown branch -> sumJetsInT1*
Error in <TTree::SetBranchStatus>: unknown branch -> elmu_*
1199 events to process.
Event 0
+++ skimming /dataf/mewu/LooseSkim_v2/WZTo2L2Q.root +++
-- Input file: /dataf/mewu/LooseSkim_v2/WZTo2L2Q.root
-- Output file: /dataf/mewu/nonResSkim_v1/WZTo2L2Q.root
-- Selection: (1)
[Info] : a PLAIN shape correction weight (1.0) added to el-mu pair event 
Error in <TTree::SetBranchStatus>: unknown branch -> dPhi_jetMet*
Error in <TTree::SetBranchStatus>: unknown branch -> metNoJet*
Error in <TTree::SetBranchStatus>: unknown branch -> sumJetsInT1*
Error in <TTree::SetBranchStatus>: unknown branch -> elmu_*
1990958 events to process.
Event 0
Event 2000
Event 4000
Event 6000
Event 8000
Event 10000
Event 12000
Event 14000
Event 16000
Event 18000
Event 20000
Event 22000
Event 24000
Event 26000
Event 28000
Event 30000
Event 32000
Event 34000
Event 36000
Event 38000
Event 40000
Event 42000
Event 44000
Event 46000
Event 48000
Event 50000
Event 52000
Event 54000
Event 56000
Event 58000
Event 60000
Event 62000
Event 64000
Event 66000
Event 68000
Event 70000
Event 72000
Event 74000
Event 76000
Event 78000
Event 80000
Event 82000
Event 84000
Event 86000
Event 88000
Event 90000
Event 92000
Event 94000
Event 96000
Event 98000
Event 100000
Event 102000
Event 104000
Event 106000
Event 108000
Event 110000
Event 112000
Event 114000
Event 116000
Event 118000
Event 120000
Event 122000
Event 124000
Event 126000
Event 128000
Event 130000
Event 132000
Event 134000
Event 136000
Event 138000
Event 140000
Event 142000
Event 144000
Event 146000
Event 148000
Event 150000
Event 152000
Event 154000
Event 156000
Event 158000
Event 160000
Event 162000
[Warning] This event elmu_eff==1.0, please check: (A+B-A*B) = 100
Event 164000
Event 166000
Event 168000
Event 170000
Event 172000
Event 174000
Event 176000
Event 178000
Event 180000
Event 182000
Event 184000
Event 186000
Event 188000
Event 190000
Event 192000
Event 194000
Event 196000
Event 198000
Event 200000
Event 202000
Event 204000
Event 206000
Event 208000
Event 210000
Event 212000
Event 214000
Event 216000
Event 218000
Event 220000
Event 222000
Event 224000
Event 226000
Event 228000
Event 230000
Event 232000
Event 234000
Event 236000
Event 238000
Event 240000
Event 242000
Event 244000
Event 246000
Event 248000
Event 250000
Event 252000
Event 254000
Event 256000
Event 258000
Event 260000
Event 262000
Event 264000
Event 266000
Event 268000
Event 270000
Event 272000
Event 274000
Event 276000
Event 278000
Event 280000
Event 282000
Event 284000
Event 286000
Event 288000
Event 290000
Event 292000
Event 294000
Event 296000
Event 298000
Event 300000
Event 302000
Event 304000
Event 306000
Event 308000
Event 310000
Event 312000
Event 314000
Event 316000
Event 318000
Event 320000
Event 322000
Event 324000
Event 326000
Event 328000
Event 330000
Event 332000
Event 334000
Event 336000
Event 338000
Event 340000
Event 342000
Event 344000
Event 346000
Event 348000
Event 350000
Event 352000
Event 354000
Event 356000
Event 358000
Event 360000
Event 362000
Event 364000
Event 366000
Event 368000
Event 370000
Event 372000
Event 374000
Event 376000
Event 378000
Event 380000
Event 382000
Event 384000
Event 386000
Event 388000
Event 390000
Event 392000
Event 394000
Event 396000
Event 398000
Event 400000
Event 402000
Event 404000
Event 406000
Event 408000
Event 410000
Event 412000
Event 414000
Event 416000
Event 418000
Event 420000
Event 422000
Event 424000
Event 426000
Event 428000
Event 430000
Event 432000
Event 434000
Event 436000
Event 438000
Event 440000
Event 442000
Event 444000
Event 446000
Event 448000
Event 450000
Event 452000
Event 454000
Event 456000
Event 458000
Event 460000
Event 462000
Event 464000
Event 466000
Event 468000
Event 470000
[Warning] This event elmu_eff==1.0, please check: (A+B-A*B) = 100
Event 472000
Event 474000
Event 476000
Event 478000
Event 480000
Event 482000
Event 484000
Event 486000
Event 488000
Event 490000
Event 492000
Event 494000
Event 496000
Event 498000
Event 500000
Event 502000
Event 504000
Event 506000
Event 508000
Event 510000
Event 512000
Event 514000
Event 516000
Event 518000
Event 520000
Event 522000
Event 524000
Event 526000
Event 528000
Event 530000
Event 532000
Event 534000
Event 536000
Event 538000
Event 540000
Event 542000
Event 544000
Event 546000
Event 548000
Event 550000
Event 552000
Event 554000
Event 556000
Event 558000
Event 560000
Event 562000
Event 564000
Event 566000
Event 568000
Event 570000
Event 572000
Event 574000
Event 576000
Event 578000
Event 580000
Event 582000
Event 584000
Event 586000
Event 588000
Event 590000
Event 592000
Event 594000
Event 596000
Event 598000
Event 600000
Event 602000
Event 604000
Event 606000
Event 608000
Event 610000
Event 612000
Event 614000
Event 616000
Event 618000
Event 620000
Event 622000
Event 624000
Event 626000
Event 628000
Event 630000
[Warning] This event elmu_eff==1.0, please check: (A+B-A*B) = 100
Event 632000
Event 634000
Event 636000
Event 638000
Event 640000
Event 642000
Event 644000
Event 646000
Event 648000
Event 650000
Event 652000
Event 654000
Event 656000
Event 658000
Event 660000
Event 662000
Event 664000
Event 666000
Event 668000
Event 670000
Event 672000
Event 674000
Event 676000
Event 678000
Event 680000
Event 682000
Event 684000
Event 686000
Event 688000
Event 690000
Event 692000
Event 694000
Event 696000
Event 698000
Event 700000
Event 702000
Event 704000
Event 706000
Event 708000
Event 710000
Event 712000
Event 714000
Event 716000
Event 718000
Event 720000
Event 722000
Event 724000
Event 726000
Event 728000
Event 730000
Event 732000
Event 734000
Event 736000
Event 738000
Event 740000
Event 742000
Event 744000
Event 746000
Event 748000
Event 750000
Event 752000
Event 754000
Event 756000
Event 758000
Event 760000
Event 762000
Event 764000
Event 766000
Event 768000
Event 770000
Event 772000
Event 774000
Event 776000
Event 778000
Event 780000
Event 782000
Event 784000
Event 786000
Event 788000
Event 790000
Event 792000
Event 794000
Event 796000
Event 798000
Event 800000
Event 802000
Event 804000
Event 806000
Event 808000
Event 810000
Event 812000
Event 814000
Event 816000
Event 818000
Event 820000
Event 822000
Event 824000
Event 826000
Event 828000
Event 830000
Event 832000
Event 834000
Event 836000
Event 838000
Event 840000
Event 842000
Event 844000
Event 846000
Event 848000
Event 850000
Event 852000
Event 854000
Event 856000
Event 858000
Event 860000
Event 862000
Event 864000
Event 866000
Event 868000
Event 870000
Event 872000
Event 874000
Event 876000
Event 878000
Event 880000
Event 882000
Event 884000
Event 886000
Event 888000
Event 890000
Event 892000
Event 894000
Event 896000
Event 898000
Event 900000
Event 902000
Event 904000
Event 906000
Event 908000
Event 910000
Event 912000
Event 914000
Event 916000
Event 918000
Event 920000
Event 922000
Event 924000
Event 926000
Event 928000
Event 930000
Event 932000
Event 934000
Event 936000
Event 938000
Event 940000
Event 942000
Event 944000
Event 946000
Event 948000
Event 950000
Event 952000
Event 954000
Event 956000
Event 958000
Event 960000
Event 962000
Event 964000
Event 966000
Event 968000
Event 970000
Event 972000
Event 974000
Event 976000
Event 978000
Event 980000
Event 982000
Event 984000
Event 986000
Event 988000
Event 990000
Event 992000
Event 994000
Event 996000
Event 998000
Event 1000000
Event 1002000
Event 1004000
Event 1006000
Event 1008000
Event 1010000
Event 1012000
Event 1014000
Event 1016000
Event 1018000
Event 1020000
Event 1022000
Event 1024000
Event 1026000
Event 1028000
Event 1030000
Event 1032000
Event 1034000
Event 1036000
Event 1038000
Event 1040000
Event 1042000
Event 1044000
Event 1046000
Event 1048000
Event 1050000
Event 1052000
Event 1054000
Event 1056000
Event 1058000
Event 1060000
Event 1062000
Event 1064000
Event 1066000
Event 1068000
Event 1070000
Event 1072000
Event 1074000
Event 1076000
Event 1078000
Event 1080000
Event 1082000
Event 1084000
Event 1086000
Event 1088000
Event 1090000
Event 1092000
Event 1094000
Event 1096000
Event 1098000
Event 1100000
Event 1102000
Event 1104000
Event 1106000
Event 1108000
Event 1110000
Event 1112000
Event 1114000
Event 1116000
Event 1118000
Event 1120000
Event 1122000
Event 1124000
Event 1126000
Event 1128000
Event 1130000
Event 1132000
Event 1134000
Event 1136000
Event 1138000
Event 1140000
Event 1142000
Event 1144000
Event 1146000
Event 1148000
Event 1150000
Event 1152000
Event 1154000
Event 1156000
Event 1158000
Event 1160000
[Warning] This event elmu_eff==1.0, please check: (A+B-A*B) = 100
Event 1162000
Event 1164000
Event 1166000
Event 1168000
Event 1170000
Event 1172000
Event 1174000
Event 1176000
Event 1178000
Event 1180000
Event 1182000
Event 1184000
Event 1186000
Event 1188000
Event 1190000
Event 1192000
Event 1194000
Event 1196000
Event 1198000
Event 1200000
Event 1202000
Event 1204000
Event 1206000
Event 1208000
Event 1210000
Event 1212000
Event 1214000
Event 1216000
Event 1218000
Event 1220000
Event 1222000
Event 1224000
Event 1226000
Event 1228000
Event 1230000
Event 1232000
Event 1234000
Event 1236000
Event 1238000
Event 1240000
Event 1242000
Event 1244000
Event 1246000
Event 1248000
Event 1250000
Event 1252000
Event 1254000
Event 1256000
Event 1258000
Event 1260000
Event 1262000
Event 1264000
Event 1266000
Event 1268000
Event 1270000
Event 1272000
Event 1274000
Event 1276000
Event 1278000
Event 1280000
Event 1282000
Event 1284000
Event 1286000
Event 1288000
Event 1290000
Event 1292000
Event 1294000
Event 1296000
Event 1298000
Event 1300000
Event 1302000
Event 1304000
Event 1306000
Event 1308000
Event 1310000
Event 1312000
Event 1314000
Event 1316000
Event 1318000
Event 1320000
Event 1322000
Event 1324000
Event 1326000
Event 1328000
Event 1330000
Event 1332000
Event 1334000
Event 1336000
Event 1338000
Event 1340000
Event 1342000
Event 1344000
Event 1346000
Event 1348000
Event 1350000
Event 1352000
Event 1354000
Event 1356000
Event 1358000
Event 1360000
Event 1362000
Event 1364000
Event 1366000
Event 1368000
Event 1370000
Event 1372000
Event 1374000
Event 1376000
Event 1378000
Event 1380000
Event 1382000
Event 1384000
Event 1386000
Event 1388000
Event 1390000
Event 1392000
Event 1394000
Event 1396000
Event 1398000
Event 1400000
Event 1402000
Event 1404000
Event 1406000
Event 1408000
Event 1410000
Event 1412000
Event 1414000
Event 1416000
Event 1418000
Event 1420000
Event 1422000
Event 1424000
Event 1426000
Event 1428000
Event 1430000
Event 1432000
Event 1434000
Event 1436000
Event 1438000
Event 1440000
Event 1442000
Event 1444000
Event 1446000
Event 1448000
Event 1450000
Event 1452000
Event 1454000
Event 1456000
Event 1458000
Event 1460000
Event 1462000
Event 1464000
Event 1466000
Event 1468000
Event 1470000
Event 1472000
Event 1474000
Event 1476000
Event 1478000
Event 1480000
Event 1482000
Event 1484000
Event 1486000
Event 1488000
Event 1490000
Event 1492000
Event 1494000
Event 1496000
Event 1498000
Event 1500000
Event 1502000
Event 1504000
Event 1506000
Event 1508000
Event 1510000
Event 1512000
Event 1514000
Event 1516000
Event 1518000
Event 1520000
Event 1522000
Event 1524000
Event 1526000
Event 1528000
Event 1530000
Event 1532000
Event 1534000
Event 1536000
Event 1538000
Event 1540000
Event 1542000
Event 1544000
Event 1546000
Event 1548000
Event 1550000
Event 1552000
Event 1554000
Event 1556000
Event 1558000
Event 1560000
Event 1562000
Event 1564000
Event 1566000
Event 1568000
Event 1570000
Event 1572000
Event 1574000
Event 1576000
Event 1578000
Event 1580000
Event 1582000
Event 1584000
Event 1586000
Event 1588000
Event 1590000
Event 1592000
Event 1594000
Event 1596000
Event 1598000
Event 1600000
Event 1602000
Event 1604000
Event 1606000
Event 1608000
Event 1610000
Event 1612000
Event 1614000
Event 1616000
Event 1618000
Event 1620000
Event 1622000
Event 1624000
Event 1626000
Event 1628000
Event 1630000
Event 1632000
Event 1634000
Event 1636000
Event 1638000
Event 1640000
Event 1642000
Event 1644000
Event 1646000
Event 1648000
Event 1650000
Event 1652000
Event 1654000
Event 1656000
Event 1658000
Event 1660000
Event 1662000
Event 1664000
Event 1666000
Event 1668000
Event 1670000
Event 1672000
Event 1674000
Event 1676000
Event 1678000
Event 1680000
Event 1682000
Event 1684000
Event 1686000
Event 1688000
Event 1690000
Event 1692000
Event 1694000
Event 1696000
Event 1698000
Event 1700000
Event 1702000
Event 1704000
Event 1706000
Event 1708000
Event 1710000
Event 1712000
Event 1714000
Event 1716000
Event 1718000
Event 1720000
Event 1722000
Event 1724000
Event 1726000
Event 1728000
Event 1730000
Event 1732000
Event 1734000
Event 1736000
Event 1738000
Event 1740000
Event 1742000
Event 1744000
Event 1746000
Event 1748000
Event 1750000
Event 1752000
Event 1754000
Event 1756000
Event 1758000
Event 1760000
Event 1762000
Event 1764000
Event 1766000
Event 1768000
Event 1770000
Event 1772000
Event 1774000
Event 1776000
Event 1778000
Event 1780000
Event 1782000
Event 1784000
Event 1786000
Event 1788000
Event 1790000
Event 1792000
Event 1794000
Event 1796000
Event 1798000
Event 1800000
Event 1802000
Event 1804000
Event 1806000
Event 1808000
Event 1810000
Event 1812000
Event 1814000
Event 1816000
Event 1818000
Event 1820000
Event 1822000
Event 1824000
Event 1826000
Event 1828000
Event 1830000
Event 1832000
Event 1834000
Event 1836000
Event 1838000
Event 1840000
Event 1842000
Event 1844000
Event 1846000
Event 1848000
Event 1850000
Event 1852000
Event 1854000
Event 1856000
Event 1858000
Event 1860000
Event 1862000
Event 1864000
Event 1866000
Event 1868000
Event 1870000
Event 1872000
Event 1874000
Event 1876000
Event 1878000
Event 1880000
Event 1882000
Event 1884000
Event 1886000
Event 1888000
Event 1890000
Event 1892000
Event 1894000
Event 1896000
Event 1898000
Event 1900000
Event 1902000
Event 1904000
Event 1906000
Event 1908000
Event 1910000
Event 1912000
Event 1914000
Event 1916000
Event 1918000
Event 1920000
Event 1922000
Event 1924000
Event 1926000
Event 1928000
Event 1930000
Event 1932000
Event 1934000
Event 1936000
Event 1938000
Event 1940000
Event 1942000
Event 1944000
Event 1946000
Event 1948000
Event 1950000
Event 1952000
Event 1954000
Event 1956000
Event 1958000
Event 1960000
Event 1962000
Event 1964000
Event 1966000
Event 1968000
Event 1970000
Event 1972000
Event 1974000
Event 1976000
Event 1978000
Event 1980000
Event 1982000
Event 1984000
Event 1986000
Event 1988000
Event 1990000
+++ skimming /dataf/mewu/LooseSkim_v2/WZTo3LNu.root +++
-- Input file: /dataf/mewu/LooseSkim_v2/WZTo3LNu.root
-- Output file: /dataf/mewu/nonResSkim_v1/WZTo3LNu.root
-- Selection: (1)
[Info] : a PLAIN shape correction weight (1.0) added to el-mu pair event 
Error in <TTree::SetBranchStatus>: unknown branch -> dPhi_jetMet*
Error in <TTree::SetBranchStatus>: unknown branch -> metNoJet*
Error in <TTree::SetBranchStatus>: unknown branch -> sumJetsInT1*
Error in <TTree::SetBranchStatus>: unknown branch -> elmu_*
91385 events to process.
Event 0
Event 2000
Event 4000
Event 6000
Event 8000
Event 10000
Event 12000
Event 14000
Event 16000
Event 18000
Event 20000
Event 22000
Event 24000
[Warning] This event elmu_eff==1.0, please check: (A+B-A*B) = 100
Event 26000
Event 28000
Event 30000
Event 32000
Event 34000
Event 36000
Event 38000
Event 40000
Event 42000
Event 44000
Event 46000
[Warning] This event elmu_eff==1.0, please check: (A+B-A*B) = 0
Event 48000
Event 50000
Event 52000
Event 54000
[Warning] This event elmu_eff==1.0, please check: (A+B-A*B) = 100
Event 56000
Event 58000
Event 60000
Event 62000
Event 64000
Event 66000
Event 68000
Event 70000
Event 72000
Event 74000
Event 76000
[Warning] This event elmu_eff==1.0, please check: (A+B-A*B) = 0
Event 78000
Event 80000
Event 82000
Event 84000
Event 86000
Event 88000
Event 90000
+++ skimming /dataf/mewu/LooseSkim_v2/ZZTo2L2Nu.root +++
-- Input file: /dataf/mewu/LooseSkim_v2/ZZTo2L2Nu.root
-- Output file: /dataf/mewu/nonResSkim_v1/ZZTo2L2Nu.root
-- Selection: (1)
[Info] : a PLAIN shape correction weight (1.0) added to el-mu pair event 
Error in <TTree::SetBranchStatus>: unknown branch -> dPhi_jetMet*
Error in <TTree::SetBranchStatus>: unknown branch -> metNoJet*
Error in <TTree::SetBranchStatus>: unknown branch -> sumJetsInT1*
Error in <TTree::SetBranchStatus>: unknown branch -> elmu_*
1065734 events to process.
Event 0
Event 2000
Event 4000
Event 6000
Event 8000
Event 10000
Event 12000
Event 14000
Event 16000
Event 18000
Event 20000
Event 22000
Event 24000
Event 26000
Event 28000
Event 30000
Event 32000
Event 34000
Event 36000
Event 38000
Event 40000
Event 42000
Event 44000
Event 46000
Event 48000
Event 50000
Event 52000
Event 54000
Event 56000
Event 58000
Event 60000
Event 62000
Event 64000
Event 66000
Event 68000
Event 70000
Event 72000
Event 74000
Event 76000
Event 78000
Event 80000
Event 82000
Event 84000
Event 86000
Event 88000
Event 90000
Event 92000
Event 94000
Event 96000
Event 98000
Event 100000
Event 102000
Event 104000
Event 106000
Event 108000
Event 110000
Event 112000
Event 114000
Event 116000
Event 118000
Event 120000
Event 122000
Event 124000
Event 126000
Event 128000
Event 130000
Event 132000
Event 134000
Event 136000
Event 138000
Event 140000
Event 142000
Event 144000
Event 146000
Event 148000
Event 150000
Event 152000
Event 154000
Event 156000
Event 158000
Event 160000
Event 162000
Event 164000
Event 166000
Event 168000
Event 170000
Event 172000
Event 174000
Event 176000
Event 178000
Event 180000
Event 182000
Event 184000
Event 186000
Event 188000
Event 190000
Event 192000
Event 194000
Event 196000
Event 198000
Event 200000
Event 202000
Event 204000
Event 206000
Event 208000
Event 210000
Event 212000
Event 214000
Event 216000
Event 218000
Event 220000
Event 222000
Event 224000
Event 226000
Event 228000
Event 230000
Event 232000
Event 234000
Event 236000
Event 238000
Event 240000
Event 242000
Event 244000
Event 246000
Event 248000
Event 250000
Event 252000
Event 254000
Event 256000
Event 258000
Event 260000
Event 262000
Event 264000
Event 266000
Event 268000
Event 270000
Event 272000
Event 274000
Event 276000
Event 278000
Event 280000
Event 282000
Event 284000
Event 286000
Event 288000
Event 290000
Event 292000
Event 294000
Event 296000
Event 298000
Event 300000
Event 302000
Event 304000
Event 306000
Event 308000
Event 310000
Event 312000
Event 314000
Event 316000
Event 318000
Event 320000
Event 322000
Event 324000
Event 326000
Event 328000
Event 330000
Event 332000
Event 334000
Event 336000
Event 338000
Event 340000
Event 342000
Event 344000
Event 346000
Event 348000
Event 350000
Event 352000
Event 354000
Event 356000
Event 358000
Event 360000
Event 362000
Event 364000
Event 366000
Event 368000
Event 370000
Event 372000
Event 374000
Event 376000
Event 378000
Event 380000
Event 382000
Event 384000
Event 386000
Event 388000
Event 390000
Event 392000
Event 394000
Event 396000
Event 398000
Event 400000
Event 402000
Event 404000
Event 406000
Event 408000
Event 410000
Event 412000
Event 414000
Event 416000
Event 418000
Event 420000
Event 422000
Event 424000
Event 426000
Event 428000
Event 430000
Event 432000
Event 434000
Event 436000
Event 438000
Event 440000
Event 442000
Event 444000
Event 446000
Event 448000
Event 450000
Event 452000
Event 454000
Event 456000
Event 458000
Event 460000
Event 462000
Event 464000
Event 466000
Event 468000
Event 470000
Event 472000
Event 474000
Event 476000
Event 478000
Event 480000
Event 482000
Event 484000
Event 486000
Event 488000
Event 490000
Event 492000
Event 494000
Event 496000
Event 498000
Event 500000
Event 502000
Event 504000
Event 506000
Event 508000
Event 510000
Event 512000
Event 514000
Event 516000
Event 518000
Event 520000
Event 522000
Event 524000
Event 526000
Event 528000
Event 530000
Event 532000
Event 534000
Event 536000
Event 538000
Event 540000
Event 542000
Event 544000
Event 546000
Event 548000
Event 550000
Event 552000
Event 554000
Event 556000
Event 558000
Event 560000
Event 562000
Event 564000
Event 566000
Event 568000
Event 570000
Event 572000
Event 574000
Event 576000
Event 578000
Event 580000
Event 582000
Event 584000
Event 586000
Event 588000
Event 590000
Event 592000
Event 594000
Event 596000
Event 598000
Event 600000
Event 602000
Event 604000
Event 606000
Event 608000
Event 610000
Event 612000
Event 614000
Event 616000
Event 618000
Event 620000
Event 622000
Event 624000
Event 626000
Event 628000
Event 630000
Event 632000
Event 634000
Event 636000
Event 638000
Event 640000
Event 642000
Event 644000
Event 646000
Event 648000
Event 650000
Event 652000
Event 654000
Event 656000
Event 658000
Event 660000
Event 662000
Event 664000
Event 666000
Event 668000
Event 670000
Event 672000
Event 674000
Event 676000
Event 678000
Event 680000
Event 682000
Event 684000
Event 686000
Event 688000
Event 690000
Event 692000
Event 694000
Event 696000
Event 698000
Event 700000
Event 702000
Event 704000
Event 706000
Event 708000
Event 710000
Event 712000
Event 714000
Event 716000
Event 718000
Event 720000
Event 722000
Event 724000
Event 726000
Event 728000
Event 730000
Event 732000
Event 734000
Event 736000
Event 738000
Event 740000
Event 742000
Event 744000
Event 746000
Event 748000
Event 750000
Event 752000
Event 754000
Event 756000
Event 758000
Event 760000
Event 762000
Event 764000
Event 766000
Event 768000
Event 770000
Event 772000
Event 774000
Event 776000
Event 778000
Event 780000
Event 782000
Event 784000
Event 786000
Event 788000
Event 790000
Event 792000
Event 794000
Event 796000
Event 798000
Event 800000
Event 802000
Event 804000
Event 806000
Event 808000
Event 810000
Event 812000
Event 814000
Event 816000
Event 818000
Event 820000
Event 822000
Event 824000
Event 826000
Event 828000
Event 830000
Event 832000
Event 834000
Event 836000
Event 838000
Event 840000
Event 842000
Event 844000
Event 846000
Event 848000
Event 850000
Event 852000
Event 854000
Event 856000
Event 858000
Event 860000
Event 862000
Event 864000
Event 866000
Event 868000
Event 870000
Event 872000
Event 874000
Event 876000
Event 878000
Event 880000
Event 882000
Event 884000
Event 886000
Event 888000
Event 890000
Event 892000
Event 894000
Event 896000
Event 898000
Event 900000
Event 902000
Event 904000
Event 906000
Event 908000
Event 910000
Event 912000
Event 914000
Event 916000
Event 918000
Event 920000
Event 922000
Event 924000
Event 926000
Event 928000
Event 930000
Event 932000
Event 934000
Event 936000
Event 938000
Event 940000
Event 942000
Event 944000
Event 946000
Event 948000
Event 950000
Event 952000
Event 954000
Event 956000
Event 958000
Event 960000
Event 962000
Event 964000
Event 966000
Event 968000
Event 970000
Event 972000
Event 974000
Event 976000
Event 978000
Event 980000
Event 982000
Event 984000
Event 986000
Event 988000
Event 990000
Event 992000
Event 994000
Event 996000
Event 998000
Event 1000000
Event 1002000
Event 1004000
Event 1006000
Event 1008000
Event 1010000
Event 1012000
Event 1014000
Event 1016000
Event 1018000
Event 1020000
Event 1022000
Event 1024000
Event 1026000
Event 1028000
Event 1030000
Event 1032000
Event 1034000
Event 1036000
Event 1038000
Event 1040000
Event 1042000
Event 1044000
Event 1046000
Event 1048000
Event 1050000
Event 1052000
Event 1054000
Event 1056000
Event 1058000
Event 1060000
Event 1062000
Event 1064000
+++ skimming /dataf/mewu/LooseSkim_v2/ZZTo2L2Q.root +++
-- Input file: /dataf/mewu/LooseSkim_v2/ZZTo2L2Q.root
-- Output file: /dataf/mewu/nonResSkim_v1/ZZTo2L2Q.root
-- Selection: (1)
[Info] : a PLAIN shape correction weight (1.0) added to el-mu pair event 
Error in <TTree::SetBranchStatus>: unknown branch -> dPhi_jetMet*
Error in <TTree::SetBranchStatus>: unknown branch -> metNoJet*
Error in <TTree::SetBranchStatus>: unknown branch -> sumJetsInT1*
Error in <TTree::SetBranchStatus>: unknown branch -> elmu_*
1281577 events to process.
Event 0
Event 2000
Event 4000
Event 6000
Event 8000
Event 10000
Event 12000
Event 14000
Event 16000
Event 18000
Event 20000
Event 22000
Event 24000
Event 26000
Event 28000
Event 30000
Event 32000
Event 34000
Event 36000
Event 38000
Event 40000
Event 42000
Event 44000
Event 46000
Event 48000
Event 50000
Event 52000
Event 54000
Event 56000
Event 58000
Event 60000
Event 62000
Event 64000
Event 66000
Event 68000
Event 70000
Event 72000
Event 74000
Event 76000
Event 78000
Event 80000
Event 82000
Event 84000
Event 86000
Event 88000
Event 90000
Event 92000
Event 94000
Event 96000
Event 98000
Event 100000
Event 102000
Event 104000
Event 106000
Event 108000
Event 110000
Event 112000
Event 114000
Event 116000
Event 118000
Event 120000
Event 122000
Event 124000
Event 126000
Event 128000
Event 130000
Event 132000
Event 134000
Event 136000
Event 138000
Event 140000
Event 142000
Event 144000
Event 146000
Event 148000
Event 150000
Event 152000
Event 154000
Event 156000
Event 158000
Event 160000
Event 162000
Event 164000
Event 166000
Event 168000
Event 170000
Event 172000
Event 174000
Event 176000
Event 178000
Event 180000
Event 182000
Event 184000
Event 186000
Event 188000
Event 190000
Event 192000
Event 194000
Event 196000
Event 198000
Event 200000
Event 202000
Event 204000
Event 206000
Event 208000
Event 210000
Event 212000
Event 214000
Event 216000
Event 218000
Event 220000
Event 222000
Event 224000
Event 226000
Event 228000
Event 230000
Event 232000
Event 234000
Event 236000
Event 238000
Event 240000
Event 242000
Event 244000
Event 246000
Event 248000
Event 250000
Event 252000
Event 254000
Event 256000
Event 258000
Event 260000
Event 262000
Event 264000
Event 266000
Event 268000
Event 270000
Event 272000
Event 274000
Event 276000
Event 278000
Event 280000
Event 282000
Event 284000
Event 286000
Event 288000
Event 290000
Event 292000
Event 294000
Event 296000
Event 298000
Event 300000
Event 302000
Event 304000
Event 306000
Event 308000
Event 310000
Event 312000
Event 314000
Event 316000
Event 318000
Event 320000
Event 322000
Event 324000
Event 326000
Event 328000
Event 330000
Event 332000
Event 334000
Event 336000
Event 338000
Event 340000
Event 342000
Event 344000
Event 346000
Event 348000
Event 350000
Event 352000
Event 354000
Event 356000
Event 358000
Event 360000
Event 362000
Event 364000
Event 366000
Event 368000
Event 370000
Event 372000
Event 374000
Event 376000
Event 378000
Event 380000
Event 382000
Event 384000
Event 386000
Event 388000
Event 390000
Event 392000
Event 394000
Event 396000
Event 398000
Event 400000
Event 402000
Event 404000
Event 406000
Event 408000
Event 410000
Event 412000
Event 414000
Event 416000
Event 418000
Event 420000
Event 422000
Event 424000
Event 426000
Event 428000
Event 430000
Event 432000
Event 434000
Event 436000
Event 438000
Event 440000
Event 442000
Event 444000
Event 446000
Event 448000
Event 450000
Event 452000
Event 454000
Event 456000
Event 458000
Event 460000
Event 462000
Event 464000
Event 466000
Event 468000
Event 470000
Event 472000
Event 474000
Event 476000
Event 478000
Event 480000
Event 482000
Event 484000
Event 486000
Event 488000
Event 490000
Event 492000
Event 494000
Event 496000
Event 498000
Event 500000
Event 502000
Event 504000
Event 506000
Event 508000
Event 510000
Event 512000
Event 514000
Event 516000
Event 518000
Event 520000
Event 522000
Event 524000
Event 526000
Event 528000
Event 530000
Event 532000
Event 534000
Event 536000
Event 538000
Event 540000
Event 542000
Event 544000
Event 546000
Event 548000
Event 550000
Event 552000
Event 554000
Event 556000
Event 558000
Event 560000
Event 562000
Event 564000
Event 566000
Event 568000
Event 570000
Event 572000
Event 574000
Event 576000
Event 578000
Event 580000
Event 582000
Event 584000
Event 586000
Event 588000
Event 590000
Event 592000
Event 594000
Event 596000
Event 598000
Event 600000
Event 602000
Event 604000
Event 606000
Event 608000
Event 610000
Event 612000
Event 614000
Event 616000
Event 618000
Event 620000
Event 622000
Event 624000
Event 626000
Event 628000
Event 630000
Event 632000
Event 634000
Event 636000
Event 638000
Event 640000
Event 642000
Event 644000
Event 646000
Event 648000
Event 650000
Event 652000
Event 654000
Event 656000
Event 658000
Event 660000
Event 662000
Event 664000
Event 666000
Event 668000
Event 670000
Event 672000
Event 674000
Event 676000
Event 678000
Event 680000
Event 682000
Event 684000
Event 686000
Event 688000
Event 690000
Event 692000
Event 694000
Event 696000
Event 698000
Event 700000
Event 702000
Event 704000
Event 706000
Event 708000
Event 710000
Event 712000
Event 714000
Event 716000
Event 718000
Event 720000
Event 722000
Event 724000
Event 726000
Event 728000
Event 730000
Event 732000
Event 734000
Event 736000
Event 738000
Event 740000
Event 742000
Event 744000
Event 746000
Event 748000
Event 750000
Event 752000
Event 754000
Event 756000
Event 758000
Event 760000
Event 762000
Event 764000
Event 766000
Event 768000
Event 770000
Event 772000
Event 774000
Event 776000
Event 778000
Event 780000
Event 782000
Event 784000
Event 786000
Event 788000
Event 790000
Event 792000
Event 794000
Event 796000
Event 798000
Event 800000
Event 802000
Event 804000
Event 806000
Event 808000
Event 810000
Event 812000
Event 814000
Event 816000
Event 818000
Event 820000
Event 822000
Event 824000
Event 826000
Event 828000
Event 830000
Event 832000
Event 834000
Event 836000
Event 838000
Event 840000
Event 842000
Event 844000
Event 846000
Event 848000
Event 850000
Event 852000
Event 854000
Event 856000
Event 858000
Event 860000
Event 862000
Event 864000
Event 866000
Event 868000
Event 870000
Event 872000
Event 874000
Event 876000
Event 878000
Event 880000
Event 882000
Event 884000
Event 886000
Event 888000
Event 890000
Event 892000
Event 894000
Event 896000
Event 898000
Event 900000
Event 902000
Event 904000
Event 906000
Event 908000
Event 910000
Event 912000
Event 914000
Event 916000
Event 918000
Event 920000
Event 922000
Event 924000
Event 926000
Event 928000
Event 930000
Event 932000
Event 934000
Event 936000
Event 938000
Event 940000
Event 942000
Event 944000
Event 946000
Event 948000
Event 950000
Event 952000
Event 954000
Event 956000
Event 958000
Event 960000
Event 962000
Event 964000
Event 966000
Event 968000
Event 970000
Event 972000
Event 974000
Event 976000
Event 978000
Event 980000
Event 982000
Event 984000
Event 986000
Event 988000
Event 990000
Event 992000
Event 994000
Event 996000
Event 998000
Event 1000000
Event 1002000
Event 1004000
Event 1006000
Event 1008000
Event 1010000
Event 1012000
Event 1014000
Event 1016000
Event 1018000
Event 1020000
Event 1022000
Event 1024000
Event 1026000
Event 1028000
Event 1030000
Event 1032000
Event 1034000
Event 1036000
Event 1038000
Event 1040000
Event 1042000
Event 1044000
Event 1046000
Event 1048000
Event 1050000
Event 1052000
Event 1054000
Event 1056000
Event 1058000
Event 1060000
Event 1062000
Event 1064000
Event 1066000
Event 1068000
Event 1070000
Event 1072000
Event 1074000
Event 1076000
Event 1078000
Event 1080000
Event 1082000
Event 1084000
Event 1086000
Event 1088000
Event 1090000
Event 1092000
Event 1094000
Event 1096000
Event 1098000
Event 1100000
Event 1102000
Event 1104000
Event 1106000
Event 1108000
Event 1110000
Event 1112000
Event 1114000
Event 1116000
Event 1118000
Event 1120000
Event 1122000
Event 1124000
Event 1126000
Event 1128000
Event 1130000
Event 1132000
Event 1134000
Event 1136000
Event 1138000
Event 1140000
Event 1142000
Event 1144000
Event 1146000
Event 1148000
Event 1150000
Event 1152000
Event 1154000
Event 1156000
Event 1158000
Event 1160000
Event 1162000
Event 1164000
Event 1166000
Event 1168000
Event 1170000
Event 1172000
Event 1174000
Event 1176000
Event 1178000
Event 1180000
Event 1182000
Event 1184000
Event 1186000
Event 1188000
Event 1190000
Event 1192000
Event 1194000
Event 1196000
Event 1198000
Event 1200000
Event 1202000
Event 1204000
Event 1206000
Event 1208000
Event 1210000
Event 1212000
Event 1214000
Event 1216000
Event 1218000
Event 1220000
Event 1222000
Event 1224000
Event 1226000
Event 1228000
Event 1230000
Event 1232000
Event 1234000
Event 1236000
Event 1238000
Event 1240000
Event 1242000
Event 1244000
Event 1246000
Event 1248000
Event 1250000
Event 1252000
Event 1254000
Event 1256000
Event 1258000
Event 1260000
Event 1262000
Event 1264000
Event 1266000
Event 1268000
Event 1270000
Event 1272000
Event 1274000
Event 1276000
Event 1278000
Event 1280000
+++ skimming /dataf/mewu/LooseSkim_v2/ZZTo4L.root +++
-- Input file: /dataf/mewu/LooseSkim_v2/ZZTo4L.root
-- Output file: /dataf/mewu/nonResSkim_v1/ZZTo4L.root
-- Selection: (1)
[Info] : a PLAIN shape correction weight (1.0) added to el-mu pair event 
Error in <TTree::SetBranchStatus>: unknown branch -> dPhi_jetMet*
Error in <TTree::SetBranchStatus>: unknown branch -> metNoJet*
Error in <TTree::SetBranchStatus>: unknown branch -> sumJetsInT1*
Error in <TTree::SetBranchStatus>: unknown branch -> elmu_*
273999 events to process.
Event 0
[Warning] This event elmu_eff==1.0, please check: (A+B-A*B) = 100
Event 2000
Event 4000
Event 6000
Event 8000
Event 10000
Event 12000
Event 14000
Event 16000
Event 18000
Event 20000
Event 22000
Event 24000
[Warning] This event elmu_eff==1.0, please check: (A+B-A*B) = 100
Event 26000
Event 28000
Event 30000
Event 32000
Event 34000
Event 36000
Event 38000
Event 40000
Event 42000
Event 44000
Event 46000
Event 48000
Event 50000
[Warning] This event elmu_eff==1.0, please check: (A+B-A*B) = 100
Event 52000
Event 54000
Event 56000
Event 58000
Event 60000
Event 62000
Event 64000
[Warning] This event elmu_eff==1.0, please check: (A+B-A*B) = 100
Event 66000
Event 68000
Event 70000
Event 72000
Event 74000
Event 76000
Event 78000
Event 80000
[Warning] This event elmu_eff==1.0, please check: (A+B-A*B) = 100
Event 82000
Event 84000
Event 86000
Event 88000
Event 90000
Event 92000
[Warning] This event elmu_eff==1.0, please check: (A+B-A*B) = 100
Event 94000
Event 96000
Event 98000
Event 100000
[Warning] This event elmu_eff==1.0, please check: (A+B-A*B) = 100
Event 102000
Event 104000
Event 106000
Event 108000
Event 110000
Event 112000
Event 114000
Event 116000
Event 118000
Event 120000
[Warning] This event elmu_eff==1.0, please check: (A+B-A*B) = 100
Event 122000
Event 124000
Event 126000
Event 128000
Event 130000
Event 132000
Event 134000
Event 136000
Event 138000
Event 140000
Event 142000
Event 144000
[Warning] This event elmu_eff==1.0, please check: (A+B-A*B) = 100
[Warning] This event elmu_eff==1.0, please check: (A+B-A*B) = 100
Event 146000
Event 148000
[Warning] This event elmu_eff==1.0, please check: (A+B-A*B) = 100
Event 150000
Event 152000
Event 154000
Event 156000
Event 158000
Event 160000
Event 162000
Event 164000
Event 166000
Event 168000
Event 170000
Event 172000
Event 174000
Event 176000
Event 178000
Event 180000
Event 182000
Event 184000
Event 186000
Event 188000
Event 190000
Event 192000
[Warning] This event elmu_eff==1.0, please check: (A+B-A*B) = 100
Event 194000
Event 196000
Event 198000
[Warning] This event elmu_eff==1.0, please check: (A+B-A*B) = 100
Event 200000
Event 202000
[Warning] This event elmu_eff==1.0, please check: (A+B-A*B) = 100
Event 204000
Event 206000
Event 208000
Event 210000
Event 212000
Event 214000
Event 216000
Event 218000
Event 220000
Event 222000
Event 224000
Event 226000
Event 228000
Event 230000
Event 232000
Event 234000
Event 236000
Event 238000
Event 240000
Event 242000
Event 244000
Event 246000
Event 248000
Event 250000
Event 252000
Event 254000
Event 256000
Event 258000
Event 260000
Event 262000
Event 264000
Event 266000
Event 268000
Event 270000
Event 272000
+++ skimming /dataf/mewu/LooseSkim_v2/ggZZTo2e2nu.root +++
-- Input file: /dataf/mewu/LooseSkim_v2/ggZZTo2e2nu.root
-- Output file: /dataf/mewu/nonResSkim_v1/ggZZTo2e2nu.root
-- Selection: (1)
[Info] : a PLAIN shape correction weight (1.0) added to el-mu pair event 
Error in <TTree::SetBranchStatus>: unknown branch -> dPhi_jetMet*
Error in <TTree::SetBranchStatus>: unknown branch -> metNoJet*
Error in <TTree::SetBranchStatus>: unknown branch -> sumJetsInT1*
Error in <TTree::SetBranchStatus>: unknown branch -> elmu_*
11698 events to process.
Event 0
Event 2000
Event 4000
Event 6000
Event 8000
Event 10000
+++ skimming /dataf/mewu/LooseSkim_v2/ggZZTo2mu2nu.root +++
-- Input file: /dataf/mewu/LooseSkim_v2/ggZZTo2mu2nu.root
-- Output file: /dataf/mewu/nonResSkim_v1/ggZZTo2mu2nu.root
-- Selection: (1)
[Info] : a PLAIN shape correction weight (1.0) added to el-mu pair event 
Error in <TTree::SetBranchStatus>: unknown branch -> dPhi_jetMet*
Error in <TTree::SetBranchStatus>: unknown branch -> metNoJet*
Error in <TTree::SetBranchStatus>: unknown branch -> sumJetsInT1*
Error in <TTree::SetBranchStatus>: unknown branch -> elmu_*
215069 events to process.
Event 0
Event 2000
Event 4000
Event 6000
Event 8000
Event 10000
Event 12000
Event 14000
Event 16000
Event 18000
Event 20000
Event 22000
Event 24000
Event 26000
Event 28000
Event 30000
Event 32000
Event 34000
Event 36000
Event 38000
Event 40000
Event 42000
Event 44000
Event 46000
Event 48000
Event 50000
Event 52000
Event 54000
Event 56000
Event 58000
Event 60000
Event 62000
Event 64000
Event 66000
Event 68000
Event 70000
Event 72000
Event 74000
Event 76000
Event 78000
Event 80000
Event 82000
Event 84000
Event 86000
Event 88000
Event 90000
Event 92000
Event 94000
Event 96000
Event 98000
Event 100000
Event 102000
Event 104000
Event 106000
Event 108000
Event 110000
Event 112000
Event 114000
Event 116000
Event 118000
Event 120000
Event 122000
Event 124000
Event 126000
Event 128000
Event 130000
Event 132000
Event 134000
Event 136000
Event 138000
Event 140000
Event 142000
Event 144000
Event 146000
Event 148000
Event 150000
Event 152000
Event 154000
Event 156000
Event 158000
Event 160000
Event 162000
Event 164000
Event 166000
Event 168000
Event 170000
Event 172000
Event 174000
Event 176000
Event 178000
Event 180000
Event 182000
Event 184000
Event 186000
Event 188000
Event 190000
Event 192000
Event 194000
Event 196000
Event 198000
Event 200000
Event 202000
Event 204000
Event 206000
Event 208000
Event 210000
Event 212000
Event 214000
[Info] 22 files processed in total.
